# JRE version: Java(TM) SE Runtime Environment (8.0_66-b18) (build 1.8.0_66-b18)
# Java VM: Java HotSpot(TM) 64-Bit Server VM (25.66-b18 mixed mode windows-amd64 compressed oops)
Heap:
 PSYoungGen      total 28160K, used 26488K [0x00000000f5580000, 0x00000000f7380000, 0x0000000100000000)
  eden space 27136K, 93% used [0x00000000f5580000,0x00000000f6e606e8,0x00000000f7000000)
  from space 1024K, 99% used [0x00000000f7180000,0x00000000f727dba0,0x00000000f7280000)
  to   space 1536K, 0% used [0x00000000f7000000,0x00000000f7000000,0x00000000f7180000)
 ParOldGen       total 110592K, used 102132K [0x00000000e0000000, 0x00000000e6c00000, 0x00000000f5580000)
  object space 110592K, 92% used [0x00000000e0000000,0x00000000e63bd0c8,0x00000000e6c00000)
 Metaspace       used 89028K, capacity 96250K, committed 96600K, reserved 1132544K
  class space    used 10552K, capacity 12794K, committed 12888K, reserved 1048576K
GC Heap History (10 events):
Event: 2246.740 GC heap before
{Heap before GC invocations=2041 (full 3):
 PSYoungGen      total 27136K, used 26752K [0x00000000f5580000, 0x00000000f7100000, 0x0000000100000000)
  eden space 26624K, 100% used [0x00000000f5580000,0x00000000f6f80000,0x00000000f6f80000)
  from space 512K, 25% used [0x00000000f7000000,0x00000000f7020000,0x00000000f7080000)
  to   space 512K, 0% used [0x00000000f7080000,0x00000000f7080000,0x00000000f7100000)
 ParOldGen       total 110592K, used 101797K [0x00000000e0000000, 0x00000000e6c00000, 0x00000000f5580000)
  object space 110592K, 92% used [0x00000000e0000000,0x00000000e63697e0,0x00000000e6c00000)
 Metaspace       used 88277K, capacity 95568K, committed 95704K, reserved 1132544K
  class space    used 10469K, capacity 12697K, committed 12760K, reserved 1048576K
Event: 2246.744 GC heap after
Heap after GC invocations=2041 (full 3):
 PSYoungGen      total 27136K, used 224K [0x00000000f5580000, 0x00000000f7100000, 0x0000000100000000)
  eden space 26624K, 0% used [0x00000000f5580000,0x00000000f5580000,0x00000000f6f80000)
  from space 512K, 43% used [0x00000000f7080000,0x00000000f70b8000,0x00000000f7100000)
  to   space 512K, 0% used [0x00000000f7000000,0x00000000f7000000,0x00000000f7080000)
 ParOldGen       total 110592K, used 101805K [0x00000000e0000000, 0x00000000e6c00000, 0x00000000f5580000)
  object space 110592K, 92% used [0x00000000e0000000,0x00000000e636b7e0,0x00000000e6c00000)
 Metaspace       used 88277K, capacity 95568K, committed 95704K, reserved 1132544K
  class space    used 10469K, capacity 12697K, committed 12760K, reserved 1048576K
}
Event: 2247.274 GC heap before
{Heap before GC invocations=2042 (full 3):
 PSYoungGen      total 27136K, used 26848K [0x00000000f5580000, 0x00000000f7100000, 0x0000000100000000)
  eden space 26624K, 100% used [0x00000000f5580000,0x00000000f6f80000,0x00000000f6f80000)
  from space 512K, 43% used [0x00000000f7080000,0x00000000f70b8000,0x00000000f7100000)
  to   space 512K, 0% used [0x00000000f7000000,0x00000000f7000000,0x00000000f7080000)
 ParOldGen       total 110592K, used 101805K [0x00000000e0000000, 0x00000000e6c00000, 0x00000000f5580000)
  object space 110592K, 92% used [0x00000000e0000000,0x00000000e636b7e0,0x00000000e6c00000)
 Metaspace       used 88478K, capacity 95792K, committed 95960K, reserved 1132544K
  class space    used 10498K, capacity 12729K, committed 12760K, reserved 1048576K
Event: 2247.282 GC heap after
Heap after GC invocations=2042 (full 3):
 PSYoungGen      total 27136K, used 510K [0x00000000f5580000, 0x00000000f7100000, 0x0000000100000000)
  eden space 26624K, 0% used [0x00000000f5580000,0x00000000f5580000,0x00000000f6f80000)
  from space 512K, 99% used [0x00000000f7000000,0x00000000f707fb38,0x00000000f7080000)
  to   space 512K, 0% used [0x00000000f7080000,0x00000000f7080000,0x00000000f7100000)
 ParOldGen       total 110592K, used 101954K [0x00000000e0000000, 0x00000000e6c00000, 0x00000000f5580000)
  object space 110592K, 92% used [0x00000000e0000000,0x00000000e63908d0,0x00000000e6c00000)
 Metaspace       used 88478K, capacity 95792K, committed 95960K, reserved 1132544K
  class space    used 10498K, capacity 12729K, committed 12760K, reserved 1048576K
}
Event: 2247.949 GC heap before
{Heap before GC invocations=2043 (full 3):
 PSYoungGen      total 27136K, used 27134K [0x00000000f5580000, 0x00000000f7100000, 0x0000000100000000)
  eden space 26624K, 100% used [0x00000000f5580000,0x00000000f6f80000,0x00000000f6f80000)
  from space 512K, 99% used [0x00000000f7000000,0x00000000f707fb38,0x00000000f7080000)
  to   space 512K, 0% used [0x00000000f7080000,0x00000000f7080000,0x00000000f7100000)
 ParOldGen       total 110592K, used 101954K [0x00000000e0000000, 0x00000000e6c00000, 0x00000000f5580000)
  object space 110592K, 92% used [0x00000000e0000000,0x00000000e63908d0,0x00000000e6c00000)
 Metaspace       used 88502K, capacity 95798K, committed 95960K, reserved 1132544K
  class space    used 10500K, capacity 12730K, committed 12760K, reserved 1048576K
Event: 2247.963 GC heap after
Heap after GC invocations=2043 (full 3):
 PSYoungGen      total 27136K, used 496K [0x00000000f5580000, 0x00000000f7280000, 0x0000000100000000)
  eden space 26624K, 0% used [0x00000000f5580000,0x00000000f5580000,0x00000000f6f80000)
  from space 512K, 96% used [0x00000000f7080000,0x00000000f70fc010,0x00000000f7100000)
  to   space 1024K, 0% used [0x00000000f6f80000,0x00000000f6f80000,0x00000000f7080000)
 ParOldGen       total 110592K, used 101994K [0x00000000e0000000, 0x00000000e6c00000, 0x00000000f5580000)
  object space 110592K, 92% used [0x00000000e0000000,0x00000000e639a8d0,0x00000000e6c00000)
 Metaspace       used 88502K, capacity 95798K, committed 95960K, reserved 1132544K
  class space    used 10500K, capacity 12730K, committed 12760K, reserved 1048576K
}
Event: 2248.729 GC heap before
{Heap before GC invocations=2044 (full 3):
 PSYoungGen      total 27136K, used 27120K [0x00000000f5580000, 0x00000000f7280000, 0x0000000100000000)
  eden space 26624K, 100% used [0x00000000f5580000,0x00000000f6f80000,0x00000000f6f80000)
  from space 512K, 96% used [0x00000000f7080000,0x00000000f70fc010,0x00000000f7100000)
  to   space 1024K, 0% used [0x00000000f6f80000,0x00000000f6f80000,0x00000000f7080000)
 ParOldGen       total 110592K, used 101994K [0x00000000e0000000, 0x00000000e6c00000, 0x00000000f5580000)
  object space 110592K, 92% used [0x00000000e0000000,0x00000000e639a8d0,0x00000000e6c00000)
 Metaspace       used 88688K, capacity 95958K, committed 96344K, reserved 1132544K
  class space    used 10516K, capacity 12762K, committed 12888K, reserved 1048576K
Event: 2248.735 GC heap after
Heap after GC invocations=2044 (full 3):
 PSYoungGen      total 27648K, used 1024K [0x00000000f5580000, 0x00000000f7280000, 0x0000000100000000)
  eden space 26624K, 0% used [0x00000000f5580000,0x00000000f5580000,0x00000000f6f80000)
  from space 1024K, 100% used [0x00000000f6f80000,0x00000000f7080000,0x00000000f7080000)
  to   space 1024K, 0% used [0x00000000f7180000,0x00000000f7180000,0x00000000f7280000)
 ParOldGen       total 110592K, used 102106K [0x00000000e0000000, 0x00000000e6c00000, 0x00000000f5580000)
  object space 110592K, 92% used [0x00000000e0000000,0x00000000e63b68d0,0x00000000e6c00000)
 Metaspace       used 88688K, capacity 95958K, committed 96344K, reserved 1132544K
  class space    used 10516K, capacity 12762K, committed 12888K, reserved 1048576K
}
Event: 2249.403 GC heap before
{Heap before GC invocations=2045 (full 3):
 PSYoungGen      total 27648K, used 27648K [0x00000000f5580000, 0x00000000f7280000, 0x0000000100000000)
  eden space 26624K, 100% used [0x00000000f5580000,0x00000000f6f80000,0x00000000f6f80000)
  from space 1024K, 100% used [0x00000000f6f80000,0x00000000f7080000,0x00000000f7080000)
  to   space 1024K, 0% used [0x00000000f7180000,0x00000000f7180000,0x00000000f7280000)
 ParOldGen       total 110592K, used 102106K [0x00000000e0000000, 0x00000000e6c00000, 0x00000000f5580000)
  object space 110592K, 92% used [0x00000000e0000000,0x00000000e63b68d0,0x00000000e6c00000)
 Metaspace       used 88844K, capacity 96058K, committed 96344K, reserved 1132544K
  class space    used 10532K, capacity 12794K, committed 12888K, reserved 1048576K
Event: 2249.408 GC heap after
Heap after GC invocations=2045 (full 3):
 PSYoungGen      total 28160K, used 1014K [0x00000000f5580000, 0x00000000f7380000, 0x0000000100000000)
  eden space 27136K, 0% used [0x00000000f5580000,0x00000000f5580000,0x00000000f7000000)
  from space 1024K, 99% used [0x00000000f7180000,0x00000000f727dba0,0x00000000f7280000)
  to   space 1536K, 0% used [0x00000000f7000000,0x00000000f7000000,0x00000000f7180000)
 ParOldGen       total 110592K, used 102132K [0x00000000e0000000, 0x00000000e6c00000, 0x00000000f5580000)
  object space 110592K, 92% used [0x00000000e0000000,0x00000000e63bd0c8,0x00000000e6c00000)
 Metaspace       used 88844K, capacity 96058K, committed 96344K, reserved 1132544K
  class space    used 10532K, capacity 12794K, committed 12888K, reserved 1048576K
}

