# JRE version: Java(TM) SE Runtime Environment (8.0_66-b18) (build 1.8.0_66-b18)
# Java VM: Java HotSpot(TM) 64-Bit Server VM (25.66-b18 mixed mode windows-amd64 compressed oops)
Heap:
 PSYoungGen      total 172544K, used 64808K [0x00000000f5580000, 0x0000000100000000, 0x0000000100000000)
  eden space 171520K, 37% used [0x00000000f5580000,0x00000000f93ce298,0x00000000ffd00000)
  from space 1024K, 98% used [0x00000000fff00000,0x00000000ffffc010,0x0000000100000000)
  to   space 1536K, 0% used [0x00000000ffd00000,0x00000000ffd00000,0x00000000ffe80000)
 ParOldGen       total 123392K, used 55673K [0x00000000e0000000, 0x00000000e7880000, 0x00000000f5580000)
  object space 123392K, 45% used [0x00000000e0000000,0x00000000e365e780,0x00000000e7880000)
 Metaspace       used 92737K, capacity 100114K, committed 100500K, reserved 1136640K
  class space    used 10838K, capacity 13141K, committed 13204K, reserved 1048576K
GC Heap History (10 events):
Event: 4173.755 GC heap before
{Heap before GC invocations=1843 (full 7):
 PSYoungGen      total 173568K, used 172672K [0x00000000f5580000, 0x0000000100000000, 0x0000000100000000)
  eden space 172544K, 100% used [0x00000000f5580000,0x00000000ffe00000,0x00000000ffe00000)
  from space 1024K, 12% used [0x00000000ffe00000,0x00000000ffe20000,0x00000000fff00000)
  to   space 1024K, 0% used [0x00000000fff00000,0x00000000fff00000,0x0000000100000000)
 ParOldGen       total 123392K, used 54965K [0x00000000e0000000, 0x00000000e7880000, 0x00000000f5580000)
  object space 123392K, 44% used [0x00000000e0000000,0x00000000e35ad540,0x00000000e7880000)
 Metaspace       used 91993K, capacity 99324K, committed 99604K, reserved 1136640K
  class space    used 10753K, capacity 13010K, committed 13076K, reserved 1048576K
Event: 4173.758 GC heap after
Heap after GC invocations=1843 (full 7):
 PSYoungGen      total 173568K, used 160K [0x00000000f5580000, 0x0000000100000000, 0x0000000100000000)
  eden space 172544K, 0% used [0x00000000f5580000,0x00000000f5580000,0x00000000ffe00000)
  from space 1024K, 15% used [0x00000000fff00000,0x00000000fff28000,0x0000000100000000)
  to   space 1024K, 0% used [0x00000000ffe00000,0x00000000ffe00000,0x00000000fff00000)
 ParOldGen       total 123392K, used 54965K [0x00000000e0000000, 0x00000000e7880000, 0x00000000f5580000)
  object space 123392K, 44% used [0x00000000e0000000,0x00000000e35ad540,0x00000000e7880000)
 Metaspace       used 91993K, capacity 99324K, committed 99604K, reserved 1136640K
  class space    used 10753K, capacity 13010K, committed 13076K, reserved 1048576K
}
Event: 4177.359 GC heap before
{Heap before GC invocations=1844 (full 7):
 PSYoungGen      total 173568K, used 172704K [0x00000000f5580000, 0x0000000100000000, 0x0000000100000000)
  eden space 172544K, 100% used [0x00000000f5580000,0x00000000ffe00000,0x00000000ffe00000)
  from space 1024K, 15% used [0x00000000fff00000,0x00000000fff28000,0x0000000100000000)
  to   space 1024K, 0% used [0x00000000ffe00000,0x00000000ffe00000,0x00000000fff00000)
 ParOldGen       total 123392K, used 54965K [0x00000000e0000000, 0x00000000e7880000, 0x00000000f5580000)
  object space 123392K, 44% used [0x00000000e0000000,0x00000000e35ad540,0x00000000e7880000)
 Metaspace       used 92000K, capacity 99324K, committed 99604K, reserved 1136640K
  class space    used 10755K, capacity 13010K, committed 13076K, reserved 1048576K
Event: 4177.364 GC heap after
Heap after GC invocations=1844 (full 7):
 PSYoungGen      total 173568K, used 224K [0x00000000f5580000, 0x0000000100000000, 0x0000000100000000)
  eden space 172544K, 0% used [0x00000000f5580000,0x00000000f5580000,0x00000000ffe00000)
  from space 1024K, 21% used [0x00000000ffe00000,0x00000000ffe38000,0x00000000fff00000)
  to   space 1024K, 0% used [0x00000000fff00000,0x00000000fff00000,0x0000000100000000)
 ParOldGen       total 123392K, used 54965K [0x00000000e0000000, 0x00000000e7880000, 0x00000000f5580000)
  object space 123392K, 44% used [0x00000000e0000000,0x00000000e35ad540,0x00000000e7880000)
 Metaspace       used 92000K, capacity 99324K, committed 99604K, reserved 1136640K
  class space    used 10755K, capacity 13010K, committed 13076K, reserved 1048576K
}
Event: 4181.055 GC heap before
{Heap before GC invocations=1845 (full 7):
 PSYoungGen      total 173568K, used 172768K [0x00000000f5580000, 0x0000000100000000, 0x0000000100000000)
  eden space 172544K, 100% used [0x00000000f5580000,0x00000000ffe00000,0x00000000ffe00000)
  from space 1024K, 21% used [0x00000000ffe00000,0x00000000ffe38000,0x00000000fff00000)
  to   space 1024K, 0% used [0x00000000fff00000,0x00000000fff00000,0x0000000100000000)
 ParOldGen       total 123392K, used 54965K [0x00000000e0000000, 0x00000000e7880000, 0x00000000f5580000)
  object space 123392K, 44% used [0x00000000e0000000,0x00000000e35ad540,0x00000000e7880000)
 Metaspace       used 92000K, capacity 99324K, committed 99604K, reserved 1136640K
  class space    used 10755K, capacity 13010K, committed 13076K, reserved 1048576K
Event: 4181.058 GC heap after
Heap after GC invocations=1845 (full 7):
 PSYoungGen      total 173568K, used 224K [0x00000000f5580000, 0x0000000100000000, 0x0000000100000000)
  eden space 172544K, 0% used [0x00000000f5580000,0x00000000f5580000,0x00000000ffe00000)
  from space 1024K, 21% used [0x00000000fff00000,0x00000000fff38000,0x0000000100000000)
  to   space 1024K, 0% used [0x00000000ffe00000,0x00000000ffe00000,0x00000000fff00000)
 ParOldGen       total 123392K, used 54965K [0x00000000e0000000, 0x00000000e7880000, 0x00000000f5580000)
  object space 123392K, 44% used [0x00000000e0000000,0x00000000e35ad540,0x00000000e7880000)
 Metaspace       used 92000K, capacity 99324K, committed 99604K, reserved 1136640K
  class space    used 10755K, capacity 13010K, committed 13076K, reserved 1048576K
}
Event: 4185.334 GC heap before
{Heap before GC invocations=1846 (full 7):
 PSYoungGen      total 173568K, used 172768K [0x00000000f5580000, 0x0000000100000000, 0x0000000100000000)
  eden space 172544K, 100% used [0x00000000f5580000,0x00000000ffe00000,0x00000000ffe00000)
  from space 1024K, 21% used [0x00000000fff00000,0x00000000fff38000,0x0000000100000000)
  to   space 1024K, 0% used [0x00000000ffe00000,0x00000000ffe00000,0x00000000fff00000)
 ParOldGen       total 123392K, used 54965K [0x00000000e0000000, 0x00000000e7880000, 0x00000000f5580000)
  object space 123392K, 44% used [0x00000000e0000000,0x00000000e35ad540,0x00000000e7880000)
 Metaspace       used 92335K, capacity 99758K, committed 100116K, reserved 1136640K
  class space    used 10796K, capacity 13045K, committed 13076K, reserved 1048576K
Event: 4185.339 GC heap after
Heap after GC invocations=1846 (full 7):
 PSYoungGen      total 173568K, used 958K [0x00000000f5580000, 0x0000000100000000, 0x0000000100000000)
  eden space 172544K, 0% used [0x00000000f5580000,0x00000000f5580000,0x00000000ffe00000)
  from space 1024K, 93% used [0x00000000ffe00000,0x00000000ffeefb38,0x00000000fff00000)
  to   space 1024K, 0% used [0x00000000fff00000,0x00000000fff00000,0x0000000100000000)
 ParOldGen       total 123392K, used 54973K [0x00000000e0000000, 0x00000000e7880000, 0x00000000f5580000)
  object space 123392K, 44% used [0x00000000e0000000,0x00000000e35af540,0x00000000e7880000)
 Metaspace       used 92335K, capacity 99758K, committed 100116K, reserved 1136640K
  class space    used 10796K, capacity 13045K, committed 13076K, reserved 1048576K
}
Event: 4189.138 GC heap before
{Heap before GC invocations=1847 (full 7):
 PSYoungGen      total 173568K, used 173502K [0x00000000f5580000, 0x0000000100000000, 0x0000000100000000)
  eden space 172544K, 100% used [0x00000000f5580000,0x00000000ffe00000,0x00000000ffe00000)
  from space 1024K, 93% used [0x00000000ffe00000,0x00000000ffeefb38,0x00000000fff00000)
  to   space 1024K, 0% used [0x00000000fff00000,0x00000000fff00000,0x0000000100000000)
 ParOldGen       total 123392K, used 54973K [0x00000000e0000000, 0x00000000e7880000, 0x00000000f5580000)
  object space 123392K, 44% used [0x00000000e0000000,0x00000000e35af540,0x00000000e7880000)
 Metaspace       used 92558K, capacity 99986K, committed 100244K, reserved 1136640K
  class space    used 10819K, capacity 13141K, committed 13204K, reserved 1048576K
Event: 4189.144 GC heap after
Heap after GC invocations=1847 (full 7):
 PSYoungGen      total 172544K, used 1008K [0x00000000f5580000, 0x0000000100000000, 0x0000000100000000)
  eden space 171520K, 0% used [0x00000000f5580000,0x00000000f5580000,0x00000000ffd00000)
  from space 1024K, 98% used [0x00000000fff00000,0x00000000ffffc010,0x0000000100000000)
  to   space 1536K, 0% used [0x00000000ffd00000,0x00000000ffd00000,0x00000000ffe80000)
 ParOldGen       total 123392K, used 55673K [0x00000000e0000000, 0x00000000e7880000, 0x00000000f5580000)
  object space 123392K, 45% used [0x00000000e0000000,0x00000000e365e780,0x00000000e7880000)
 Metaspace       used 92558K, capacity 99986K, committed 100244K, reserved 1136640K
  class space    used 10819K, capacity 13141K, committed 13204K, reserved 1048576K
}

