# JRE version: Java(TM) SE Runtime Environment (8.0_66-b18) (build 1.8.0_66-b18)
# Java VM: Java HotSpot(TM) 64-Bit Server VM (25.66-b18 mixed mode windows-amd64 compressed oops)
Heap:
 PSYoungGen      total 167936K, used 70241K [0x00000000f5580000, 0x00000000ffe80000, 0x0000000100000000)
  eden space 162816K, 41% used [0x00000000f5580000,0x00000000f97dcb80,0x00000000ff480000)
  from space 5120K, 44% used [0x00000000ff980000,0x00000000ffbbb9f0,0x00000000ffe80000)
  to   space 5120K, 0% used [0x00000000ff480000,0x00000000ff480000,0x00000000ff980000)
 ParOldGen       total 124416K, used 67978K [0x00000000e0000000, 0x00000000e7980000, 0x00000000f5580000)
  object space 124416K, 54% used [0x00000000e0000000,0x00000000e42629d0,0x00000000e7980000)
 Metaspace       used 90969K, capacity 98134K, committed 98456K, reserved 1134592K
  class space    used 10679K, capacity 12878K, committed 12952K, reserved 1048576K
GC Heap History (10 events):
Event: 3382.697 GC heap before
{Heap before GC invocations=1527 (full 5):
 PSYoungGen      total 164352K, used 161098K [0x00000000f5580000, 0x00000000ffc80000, 0x0000000100000000)
  eden space 158208K, 100% used [0x00000000f5580000,0x00000000ff000000,0x00000000ff000000)
  from space 6144K, 47% used [0x00000000ff000000,0x00000000ff2d2b98,0x00000000ff600000)
  to   space 5632K, 0% used [0x00000000ff700000,0x00000000ff700000,0x00000000ffc80000)
 ParOldGen       total 124416K, used 66685K [0x00000000e0000000, 0x00000000e7980000, 0x00000000f5580000)
  object space 124416K, 53% used [0x00000000e0000000,0x00000000e411f730,0x00000000e7980000)
 Metaspace       used 90245K, capacity 97580K, committed 97816K, reserved 1134592K
  class space    used 10592K, capacity 12781K, committed 12824K, reserved 1048576K
Event: 3382.703 GC heap after
Heap after GC invocations=1527 (full 5):
 PSYoungGen      total 165376K, used 2827K [0x00000000f5580000, 0x00000000ffc80000, 0x0000000100000000)
  eden space 159744K, 0% used [0x00000000f5580000,0x00000000f5580000,0x00000000ff180000)
  from space 5632K, 50% used [0x00000000ff700000,0x00000000ff9c2cc8,0x00000000ffc80000)
  to   space 5632K, 0% used [0x00000000ff180000,0x00000000ff180000,0x00000000ff700000)
 ParOldGen       total 124416K, used 66709K [0x00000000e0000000, 0x00000000e7980000, 0x00000000f5580000)
  object space 124416K, 53% used [0x00000000e0000000,0x00000000e4125730,0x00000000e7980000)
 Metaspace       used 90245K, capacity 97580K, committed 97816K, reserved 1134592K
  class space    used 10592K, capacity 12781K, committed 12824K, reserved 1048576K
}
Event: 3387.364 GC heap before
{Heap before GC invocations=1528 (full 5):
 PSYoungGen      total 165376K, used 162571K [0x00000000f5580000, 0x00000000ffc80000, 0x0000000100000000)
  eden space 159744K, 100% used [0x00000000f5580000,0x00000000ff180000,0x00000000ff180000)
  from space 5632K, 50% used [0x00000000ff700000,0x00000000ff9c2cc8,0x00000000ffc80000)
  to   space 5632K, 0% used [0x00000000ff180000,0x00000000ff180000,0x00000000ff700000)
 ParOldGen       total 124416K, used 66709K [0x00000000e0000000, 0x00000000e7980000, 0x00000000f5580000)
  object space 124416K, 53% used [0x00000000e0000000,0x00000000e4125730,0x00000000e7980000)
 Metaspace       used 90246K, capacity 97580K, committed 97816K, reserved 1134592K
  class space    used 10592K, capacity 12781K, committed 12824K, reserved 1048576K
Event: 3387.370 GC heap after
Heap after GC invocations=1528 (full 5):
 PSYoungGen      total 165376K, used 2090K [0x00000000f5580000, 0x00000000ffd00000, 0x0000000100000000)
  eden space 159744K, 0% used [0x00000000f5580000,0x00000000f5580000,0x00000000ff180000)
  from space 5632K, 37% used [0x00000000ff180000,0x00000000ff38ab98,0x00000000ff700000)
  to   space 5120K, 0% used [0x00000000ff800000,0x00000000ff800000,0x00000000ffd00000)
 ParOldGen       total 124416K, used 67478K [0x00000000e0000000, 0x00000000e7980000, 0x00000000f5580000)
  object space 124416K, 54% used [0x00000000e0000000,0x00000000e41e5850,0x00000000e7980000)
 Metaspace       used 90246K, capacity 97580K, committed 97816K, reserved 1134592K
  class space    used 10592K, capacity 12781K, committed 12824K, reserved 1048576K
}
Event: 3391.985 GC heap before
{Heap before GC invocations=1529 (full 5):
 PSYoungGen      total 165376K, used 161834K [0x00000000f5580000, 0x00000000ffd00000, 0x0000000100000000)
  eden space 159744K, 100% used [0x00000000f5580000,0x00000000ff180000,0x00000000ff180000)
  from space 5632K, 37% used [0x00000000ff180000,0x00000000ff38ab98,0x00000000ff700000)
  to   space 5120K, 0% used [0x00000000ff800000,0x00000000ff800000,0x00000000ffd00000)
 ParOldGen       total 124416K, used 67478K [0x00000000e0000000, 0x00000000e7980000, 0x00000000f5580000)
  object space 124416K, 54% used [0x00000000e0000000,0x00000000e41e5850,0x00000000e7980000)
 Metaspace       used 90246K, capacity 97580K, committed 97816K, reserved 1134592K
  class space    used 10592K, capacity 12781K, committed 12824K, reserved 1048576K
Event: 3391.989 GC heap after
Heap after GC invocations=1529 (full 5):
 PSYoungGen      total 166400K, used 1887K [0x00000000f5580000, 0x00000000ffd00000, 0x0000000100000000)
  eden space 161280K, 0% used [0x00000000f5580000,0x00000000f5580000,0x00000000ff300000)
  from space 5120K, 36% used [0x00000000ff800000,0x00000000ff9d7ee8,0x00000000ffd00000)
  to   space 5120K, 0% used [0x00000000ff300000,0x00000000ff300000,0x00000000ff800000)
 ParOldGen       total 124416K, used 67742K [0x00000000e0000000, 0x00000000e7980000, 0x00000000f5580000)
  object space 124416K, 54% used [0x00000000e0000000,0x00000000e4227850,0x00000000e7980000)
 Metaspace       used 90246K, capacity 97580K, committed 97816K, reserved 1134592K
  class space    used 10592K, capacity 12781K, committed 12824K, reserved 1048576K
}
Event: 3396.594 GC heap before
{Heap before GC invocations=1530 (full 5):
 PSYoungGen      total 166400K, used 163167K [0x00000000f5580000, 0x00000000ffd00000, 0x0000000100000000)
  eden space 161280K, 100% used [0x00000000f5580000,0x00000000ff300000,0x00000000ff300000)
  from space 5120K, 36% used [0x00000000ff800000,0x00000000ff9d7ee8,0x00000000ffd00000)
  to   space 5120K, 0% used [0x00000000ff300000,0x00000000ff300000,0x00000000ff800000)
 ParOldGen       total 124416K, used 67742K [0x00000000e0000000, 0x00000000e7980000, 0x00000000f5580000)
  object space 124416K, 54% used [0x00000000e0000000,0x00000000e4227850,0x00000000e7980000)
 Metaspace       used 90249K, capacity 97580K, committed 97816K, reserved 1134592K
  class space    used 10592K, capacity 12781K, committed 12824K, reserved 1048576K
Event: 3396.598 GC heap after
Heap after GC invocations=1530 (full 5):
 PSYoungGen      total 166400K, used 1823K [0x00000000f5580000, 0x00000000ffe80000, 0x0000000100000000)
  eden space 161280K, 0% used [0x00000000f5580000,0x00000000f5580000,0x00000000ff300000)
  from space 5120K, 35% used [0x00000000ff300000,0x00000000ff4c7ee8,0x00000000ff800000)
  to   space 5120K, 0% used [0x00000000ff980000,0x00000000ff980000,0x00000000ffe80000)
 ParOldGen       total 124416K, used 67846K [0x00000000e0000000, 0x00000000e7980000, 0x00000000f5580000)
  object space 124416K, 54% used [0x00000000e0000000,0x00000000e4241850,0x00000000e7980000)
 Metaspace       used 90249K, capacity 97580K, committed 97816K, reserved 1134592K
  class space    used 10592K, capacity 12781K, committed 12824K, reserved 1048576K
}
Event: 3400.953 GC heap before
{Heap before GC invocations=1531 (full 5):
 PSYoungGen      total 166400K, used 163103K [0x00000000f5580000, 0x00000000ffe80000, 0x0000000100000000)
  eden space 161280K, 100% used [0x00000000f5580000,0x00000000ff300000,0x00000000ff300000)
  from space 5120K, 35% used [0x00000000ff300000,0x00000000ff4c7ee8,0x00000000ff800000)
  to   space 5120K, 0% used [0x00000000ff980000,0x00000000ff980000,0x00000000ffe80000)
 ParOldGen       total 124416K, used 67846K [0x00000000e0000000, 0x00000000e7980000, 0x00000000f5580000)
  object space 124416K, 54% used [0x00000000e0000000,0x00000000e4241850,0x00000000e7980000)
 Metaspace       used 90577K, capacity 97874K, committed 98200K, reserved 1134592K
  class space    used 10640K, capacity 12814K, committed 12952K, reserved 1048576K
Event: 3400.961 GC heap after
Heap after GC invocations=1531 (full 5):
 PSYoungGen      total 167936K, used 2286K [0x00000000f5580000, 0x00000000ffe80000, 0x0000000100000000)
  eden space 162816K, 0% used [0x00000000f5580000,0x00000000f5580000,0x00000000ff480000)
  from space 5120K, 44% used [0x00000000ff980000,0x00000000ffbbb9f0,0x00000000ffe80000)
  to   space 5120K, 0% used [0x00000000ff480000,0x00000000ff480000,0x00000000ff980000)
 ParOldGen       total 124416K, used 67978K [0x00000000e0000000, 0x00000000e7980000, 0x00000000f5580000)
  object space 124416K, 54% used [0x00000000e0000000,0x00000000e42629d0,0x00000000e7980000)
 Metaspace       used 90577K, capacity 97874K, committed 98200K, reserved 1134592K
  class space    used 10640K, capacity 12814K, committed 12952K, reserved 1048576K
}

