# JRE version: Java(TM) SE Runtime Environment (8.0_66-b18) (build 1.8.0_66-b18)
# Java VM: Java HotSpot(TM) 64-Bit Server VM (25.66-b18 mixed mode windows-amd64 compressed oops)
Heap:
 PSYoungGen      total 158208K, used 50980K [0x00000000f5580000, 0x00000000ff280000, 0x0000000100000000)
  eden space 157184K, 31% used [0x00000000f5580000,0x00000000f864bd90,0x00000000fef00000)
  from space 1024K, 98% used [0x00000000ff080000,0x00000000ff17d600,0x00000000ff180000)
  to   space 1536K, 0% used [0x00000000fef00000,0x00000000fef00000,0x00000000ff080000)
 ParOldGen       total 138240K, used 55279K [0x00000000e0000000, 0x00000000e8700000, 0x00000000f5580000)
  object space 138240K, 39% used [0x00000000e0000000,0x00000000e35fbf18,0x00000000e8700000)
 Metaspace       used 93111K, capacity 100667K, committed 101208K, reserved 1136640K
  class space    used 10948K, capacity 13264K, committed 13400K, reserved 1048576K
GC Heap History (10 events):
Event: 1809.409 GC heap before
{Heap before GC invocations=606 (full 6):
 PSYoungGen      total 151552K, used 150759K [0x00000000f5580000, 0x00000000fed00000, 0x0000000100000000)
  eden space 150528K, 100% used [0x00000000f5580000,0x00000000fe880000,0x00000000fe880000)
  from space 1024K, 22% used [0x00000000fe880000,0x00000000fe8b9e10,0x00000000fe980000)
  to   space 1024K, 0% used [0x00000000fec00000,0x00000000fec00000,0x00000000fed00000)
 ParOldGen       total 138240K, used 54822K [0x00000000e0000000, 0x00000000e8700000, 0x00000000f5580000)
  object space 138240K, 39% used [0x00000000e0000000,0x00000000e3589bf8,0x00000000e8700000)
 Metaspace       used 92536K, capacity 100127K, committed 100568K, reserved 1136640K
  class space    used 10893K, capacity 13132K, committed 13272K, reserved 1048576K
Event: 1809.412 GC heap after
Heap after GC invocations=606 (full 6):
 PSYoungGen      total 154112K, used 231K [0x00000000f5580000, 0x00000000fed00000, 0x0000000100000000)
  eden space 153088K, 0% used [0x00000000f5580000,0x00000000f5580000,0x00000000feb00000)
  from space 1024K, 22% used [0x00000000fec00000,0x00000000fec39e10,0x00000000fed00000)
  to   space 1024K, 0% used [0x00000000feb00000,0x00000000feb00000,0x00000000fec00000)
 ParOldGen       total 138240K, used 54822K [0x00000000e0000000, 0x00000000e8700000, 0x00000000f5580000)
  object space 138240K, 39% used [0x00000000e0000000,0x00000000e3589bf8,0x00000000e8700000)
 Metaspace       used 92536K, capacity 100127K, committed 100568K, reserved 1136640K
  class space    used 10893K, capacity 13132K, committed 13272K, reserved 1048576K
}
Event: 1812.872 GC heap before
{Heap before GC invocations=607 (full 6):
 PSYoungGen      total 154112K, used 153319K [0x00000000f5580000, 0x00000000fed00000, 0x0000000100000000)
  eden space 153088K, 100% used [0x00000000f5580000,0x00000000feb00000,0x00000000feb00000)
  from space 1024K, 22% used [0x00000000fec00000,0x00000000fec39e10,0x00000000fed00000)
  to   space 1024K, 0% used [0x00000000feb00000,0x00000000feb00000,0x00000000fec00000)
 ParOldGen       total 138240K, used 54822K [0x00000000e0000000, 0x00000000e8700000, 0x00000000f5580000)
  object space 138240K, 39% used [0x00000000e0000000,0x00000000e3589bf8,0x00000000e8700000)
 Metaspace       used 92536K, capacity 100127K, committed 100568K, reserved 1136640K
  class space    used 10893K, capacity 13132K, committed 13272K, reserved 1048576K
Event: 1812.876 GC heap after
Heap after GC invocations=607 (full 6):
 PSYoungGen      total 154112K, used 245K [0x00000000f5580000, 0x00000000fef80000, 0x0000000100000000)
  eden space 153088K, 0% used [0x00000000f5580000,0x00000000f5580000,0x00000000feb00000)
  from space 1024K, 23% used [0x00000000feb00000,0x00000000feb3d600,0x00000000fec00000)
  to   space 1024K, 0% used [0x00000000fee80000,0x00000000fee80000,0x00000000fef80000)
 ParOldGen       total 138240K, used 54822K [0x00000000e0000000, 0x00000000e8700000, 0x00000000f5580000)
  object space 138240K, 39% used [0x00000000e0000000,0x00000000e3589bf8,0x00000000e8700000)
 Metaspace       used 92536K, capacity 100127K, committed 100568K, reserved 1136640K
  class space    used 10893K, capacity 13132K, committed 13272K, reserved 1048576K
}
Event: 1816.685 GC heap before
{Heap before GC invocations=608 (full 6):
 PSYoungGen      total 154112K, used 153333K [0x00000000f5580000, 0x00000000fef80000, 0x0000000100000000)
  eden space 153088K, 100% used [0x00000000f5580000,0x00000000feb00000,0x00000000feb00000)
  from space 1024K, 23% used [0x00000000feb00000,0x00000000feb3d600,0x00000000fec00000)
  to   space 1024K, 0% used [0x00000000fee80000,0x00000000fee80000,0x00000000fef80000)
 ParOldGen       total 138240K, used 54822K [0x00000000e0000000, 0x00000000e8700000, 0x00000000f5580000)
  object space 138240K, 39% used [0x00000000e0000000,0x00000000e3589bf8,0x00000000e8700000)
 Metaspace       used 92560K, capacity 100191K, committed 100568K, reserved 1136640K
  class space    used 10896K, capacity 13132K, committed 13272K, reserved 1048576K
Event: 1816.696 GC heap after
Heap after GC invocations=608 (full 6):
 PSYoungGen      total 156672K, used 373K [0x00000000f5580000, 0x00000000fef80000, 0x0000000100000000)
  eden space 155648K, 0% used [0x00000000f5580000,0x00000000f5580000,0x00000000fed80000)
  from space 1024K, 36% used [0x00000000fee80000,0x00000000feedd600,0x00000000fef80000)
  to   space 1024K, 0% used [0x00000000fed80000,0x00000000fed80000,0x00000000fee80000)
 ParOldGen       total 138240K, used 54822K [0x00000000e0000000, 0x00000000e8700000, 0x00000000f5580000)
  object space 138240K, 39% used [0x00000000e0000000,0x00000000e3589bf8,0x00000000e8700000)
 Metaspace       used 92560K, capacity 100191K, committed 100568K, reserved 1136640K
  class space    used 10896K, capacity 13132K, committed 13272K, reserved 1048576K
}
Event: 1819.739 GC heap before
{Heap before GC invocations=609 (full 6):
 PSYoungGen      total 156672K, used 156021K [0x00000000f5580000, 0x00000000fef80000, 0x0000000100000000)
  eden space 155648K, 100% used [0x00000000f5580000,0x00000000fed80000,0x00000000fed80000)
  from space 1024K, 36% used [0x00000000fee80000,0x00000000feedd600,0x00000000fef80000)
  to   space 1024K, 0% used [0x00000000fed80000,0x00000000fed80000,0x00000000fee80000)
 ParOldGen       total 138240K, used 54822K [0x00000000e0000000, 0x00000000e8700000, 0x00000000f5580000)
  object space 138240K, 39% used [0x00000000e0000000,0x00000000e3589bf8,0x00000000e8700000)
 Metaspace       used 92758K, capacity 100305K, committed 100824K, reserved 1136640K
  class space    used 10910K, capacity 13167K, committed 13272K, reserved 1048576K
Event: 1819.745 GC heap after
Heap after GC invocations=609 (full 6):
 PSYoungGen      total 156672K, used 1013K [0x00000000f5580000, 0x00000000ff180000, 0x0000000100000000)
  eden space 155648K, 0% used [0x00000000f5580000,0x00000000f5580000,0x00000000fed80000)
  from space 1024K, 98% used [0x00000000fed80000,0x00000000fee7d600,0x00000000fee80000)
  to   space 1024K, 0% used [0x00000000ff080000,0x00000000ff080000,0x00000000ff180000)
 ParOldGen       total 138240K, used 54958K [0x00000000e0000000, 0x00000000e8700000, 0x00000000f5580000)
  object space 138240K, 39% used [0x00000000e0000000,0x00000000e35abbf8,0x00000000e8700000)
 Metaspace       used 92758K, capacity 100305K, committed 100824K, reserved 1136640K
  class space    used 10910K, capacity 13167K, committed 13272K, reserved 1048576K
}
Event: 1823.216 GC heap before
{Heap before GC invocations=610 (full 6):
 PSYoungGen      total 156672K, used 156661K [0x00000000f5580000, 0x00000000ff180000, 0x0000000100000000)
  eden space 155648K, 100% used [0x00000000f5580000,0x00000000fed80000,0x00000000fed80000)
  from space 1024K, 98% used [0x00000000fed80000,0x00000000fee7d600,0x00000000fee80000)
  to   space 1024K, 0% used [0x00000000ff080000,0x00000000ff080000,0x00000000ff180000)
 ParOldGen       total 138240K, used 54958K [0x00000000e0000000, 0x00000000e8700000, 0x00000000f5580000)
  object space 138240K, 39% used [0x00000000e0000000,0x00000000e35abbf8,0x00000000e8700000)
 Metaspace       used 92934K, capacity 100475K, committed 100952K, reserved 1136640K
  class space    used 10929K, capacity 13264K, committed 13400K, reserved 1048576K
Event: 1823.221 GC heap after
Heap after GC invocations=610 (full 6):
 PSYoungGen      total 158208K, used 1013K [0x00000000f5580000, 0x00000000ff280000, 0x0000000100000000)
  eden space 157184K, 0% used [0x00000000f5580000,0x00000000f5580000,0x00000000fef00000)
  from space 1024K, 98% used [0x00000000ff080000,0x00000000ff17d600,0x00000000ff180000)
  to   space 1536K, 0% used [0x00000000fef00000,0x00000000fef00000,0x00000000ff080000)
 ParOldGen       total 138240K, used 55279K [0x00000000e0000000, 0x00000000e8700000, 0x00000000f5580000)
  object space 138240K, 39% used [0x00000000e0000000,0x00000000e35fbf18,0x00000000e8700000)
 Metaspace       used 92934K, capacity 100475K, committed 100952K, reserved 1136640K
  class space    used 10929K, capacity 13264K, committed 13400K, reserved 1048576K
}

