# JRE version: Java(TM) SE Runtime Environment (8.0_66-b18) (build 1.8.0_66-b18)
# Java VM: Java HotSpot(TM) 64-Bit Server VM (25.66-b18 mixed mode windows-amd64 compressed oops)
Heap:
 PSYoungGen      total 157696K, used 61211K [0x00000000f5580000, 0x00000000ff280000, 0x0000000100000000)
  eden space 156672K, 38% used [0x00000000f5580000,0x00000000f9061390,0x00000000fee80000)
  from space 1024K, 89% used [0x00000000fee80000,0x00000000fef65ba0,0x00000000fef80000)
  to   space 1536K, 0% used [0x00000000ff100000,0x00000000ff100000,0x00000000ff280000)
 ParOldGen       total 153600K, used 74163K [0x00000000e0000000, 0x00000000e9600000, 0x00000000f5580000)
  object space 153600K, 48% used [0x00000000e0000000,0x00000000e486cf50,0x00000000e9600000)
 Metaspace       used 94821K, capacity 102496K, committed 102832K, reserved 1138688K
  class space    used 11035K, capacity 13385K, committed 13488K, reserved 1048576K
GC Heap History (10 events):
Event: 2293.276 GC heap before
{Heap before GC invocations=1265 (full 6):
 PSYoungGen      total 155648K, used 154720K [0x00000000f5580000, 0x00000000fee80000, 0x0000000100000000)
  eden space 154624K, 100% used [0x00000000f5580000,0x00000000fec80000,0x00000000fec80000)
  from space 1024K, 9% used [0x00000000fed80000,0x00000000fed98000,0x00000000fee80000)
  to   space 1024K, 0% used [0x00000000fec80000,0x00000000fec80000,0x00000000fed80000)
 ParOldGen       total 153600K, used 74123K [0x00000000e0000000, 0x00000000e9600000, 0x00000000f5580000)
  object space 153600K, 48% used [0x00000000e0000000,0x00000000e4862f50,0x00000000e9600000)
 Metaspace       used 94381K, capacity 102108K, committed 102448K, reserved 1138688K
  class space    used 10991K, capacity 13257K, committed 13360K, reserved 1048576K
Event: 2293.280 GC heap after
Heap after GC invocations=1265 (full 6):
 PSYoungGen      total 155648K, used 96K [0x00000000f5580000, 0x00000000fef80000, 0x0000000100000000)
  eden space 154624K, 0% used [0x00000000f5580000,0x00000000f5580000,0x00000000fec80000)
  from space 1024K, 9% used [0x00000000fec80000,0x00000000fec98000,0x00000000fed80000)
  to   space 1024K, 0% used [0x00000000fee80000,0x00000000fee80000,0x00000000fef80000)
 ParOldGen       total 153600K, used 74139K [0x00000000e0000000, 0x00000000e9600000, 0x00000000f5580000)
  object space 153600K, 48% used [0x00000000e0000000,0x00000000e4866f50,0x00000000e9600000)
 Metaspace       used 94381K, capacity 102108K, committed 102448K, reserved 1138688K
  class space    used 10991K, capacity 13257K, committed 13360K, reserved 1048576K
}
Event: 2296.680 GC heap before
{Heap before GC invocations=1266 (full 6):
 PSYoungGen      total 155648K, used 154720K [0x00000000f5580000, 0x00000000fef80000, 0x0000000100000000)
  eden space 154624K, 100% used [0x00000000f5580000,0x00000000fec80000,0x00000000fec80000)
  from space 1024K, 9% used [0x00000000fec80000,0x00000000fec98000,0x00000000fed80000)
  to   space 1024K, 0% used [0x00000000fee80000,0x00000000fee80000,0x00000000fef80000)
 ParOldGen       total 153600K, used 74139K [0x00000000e0000000, 0x00000000e9600000, 0x00000000f5580000)
  object space 153600K, 48% used [0x00000000e0000000,0x00000000e4866f50,0x00000000e9600000)
 Metaspace       used 94381K, capacity 102108K, committed 102448K, reserved 1138688K
  class space    used 10991K, capacity 13257K, committed 13360K, reserved 1048576K
Event: 2296.683 GC heap after
Heap after GC invocations=1266 (full 6):
 PSYoungGen      total 156672K, used 144K [0x00000000f5580000, 0x00000000fef80000, 0x0000000100000000)
  eden space 155648K, 0% used [0x00000000f5580000,0x00000000f5580000,0x00000000fed80000)
  from space 1024K, 14% used [0x00000000fee80000,0x00000000feea4010,0x00000000fef80000)
  to   space 1024K, 0% used [0x00000000fed80000,0x00000000fed80000,0x00000000fee80000)
 ParOldGen       total 153600K, used 74139K [0x00000000e0000000, 0x00000000e9600000, 0x00000000f5580000)
  object space 153600K, 48% used [0x00000000e0000000,0x00000000e4866f50,0x00000000e9600000)
 Metaspace       used 94381K, capacity 102108K, committed 102448K, reserved 1138688K
  class space    used 10991K, capacity 13257K, committed 13360K, reserved 1048576K
}
Event: 2300.065 GC heap before
{Heap before GC invocations=1267 (full 6):
 PSYoungGen      total 156672K, used 155792K [0x00000000f5580000, 0x00000000fef80000, 0x0000000100000000)
  eden space 155648K, 100% used [0x00000000f5580000,0x00000000fed80000,0x00000000fed80000)
  from space 1024K, 14% used [0x00000000fee80000,0x00000000feea4010,0x00000000fef80000)
  to   space 1024K, 0% used [0x00000000fed80000,0x00000000fed80000,0x00000000fee80000)
 ParOldGen       total 153600K, used 74139K [0x00000000e0000000, 0x00000000e9600000, 0x00000000f5580000)
  object space 153600K, 48% used [0x00000000e0000000,0x00000000e4866f50,0x00000000e9600000)
 Metaspace       used 94381K, capacity 102108K, committed 102448K, reserved 1138688K
  class space    used 10991K, capacity 13257K, committed 13360K, reserved 1048576K
Event: 2300.068 GC heap after
Heap after GC invocations=1267 (full 6):
 PSYoungGen      total 156672K, used 160K [0x00000000f5580000, 0x00000000ff080000, 0x0000000100000000)
  eden space 155648K, 0% used [0x00000000f5580000,0x00000000f5580000,0x00000000fed80000)
  from space 1024K, 15% used [0x00000000fed80000,0x00000000feda8000,0x00000000fee80000)
  to   space 1024K, 0% used [0x00000000fef80000,0x00000000fef80000,0x00000000ff080000)
 ParOldGen       total 153600K, used 74147K [0x00000000e0000000, 0x00000000e9600000, 0x00000000f5580000)
  object space 153600K, 48% used [0x00000000e0000000,0x00000000e4868f50,0x00000000e9600000)
 Metaspace       used 94381K, capacity 102108K, committed 102448K, reserved 1138688K
  class space    used 10991K, capacity 13257K, committed 13360K, reserved 1048576K
}
Event: 2303.498 GC heap before
{Heap before GC invocations=1268 (full 6):
 PSYoungGen      total 156672K, used 155789K [0x00000000f5580000, 0x00000000ff080000, 0x0000000100000000)
  eden space 155648K, 99% used [0x00000000f5580000,0x00000000fed7b588,0x00000000fed80000)
  from space 1024K, 15% used [0x00000000fed80000,0x00000000feda8000,0x00000000fee80000)
  to   space 1024K, 0% used [0x00000000fef80000,0x00000000fef80000,0x00000000ff080000)
 ParOldGen       total 153600K, used 74147K [0x00000000e0000000, 0x00000000e9600000, 0x00000000f5580000)
  object space 153600K, 48% used [0x00000000e0000000,0x00000000e4868f50,0x00000000e9600000)
 Metaspace       used 94478K, capacity 102204K, committed 102448K, reserved 1138688K
  class space    used 10997K, capacity 13289K, committed 13360K, reserved 1048576K
Event: 2303.503 GC heap after
Heap after GC invocations=1268 (full 6):
 PSYoungGen      total 157696K, used 735K [0x00000000f5580000, 0x00000000ff080000, 0x0000000100000000)
  eden space 156672K, 0% used [0x00000000f5580000,0x00000000f5580000,0x00000000fee80000)
  from space 1024K, 71% used [0x00000000fef80000,0x00000000ff037c10,0x00000000ff080000)
  to   space 1024K, 0% used [0x00000000fee80000,0x00000000fee80000,0x00000000fef80000)
 ParOldGen       total 153600K, used 74155K [0x00000000e0000000, 0x00000000e9600000, 0x00000000f5580000)
  object space 153600K, 48% used [0x00000000e0000000,0x00000000e486af50,0x00000000e9600000)
 Metaspace       used 94478K, capacity 102204K, committed 102448K, reserved 1138688K
  class space    used 10997K, capacity 13289K, committed 13360K, reserved 1048576K
}
Event: 2307.166 GC heap before
{Heap before GC invocations=1269 (full 6):
 PSYoungGen      total 157696K, used 157407K [0x00000000f5580000, 0x00000000ff080000, 0x0000000100000000)
  eden space 156672K, 100% used [0x00000000f5580000,0x00000000fee80000,0x00000000fee80000)
  from space 1024K, 71% used [0x00000000fef80000,0x00000000ff037c10,0x00000000ff080000)
  to   space 1024K, 0% used [0x00000000fee80000,0x00000000fee80000,0x00000000fef80000)
 ParOldGen       total 153600K, used 74155K [0x00000000e0000000, 0x00000000e9600000, 0x00000000f5580000)
  object space 153600K, 48% used [0x00000000e0000000,0x00000000e486af50,0x00000000e9600000)
 Metaspace       used 94634K, capacity 102336K, committed 102448K, reserved 1138688K
  class space    used 11015K, capacity 13353K, committed 13360K, reserved 1048576K
Event: 2307.170 GC heap after
Heap after GC invocations=1269 (full 6):
 PSYoungGen      total 157696K, used 918K [0x00000000f5580000, 0x00000000ff280000, 0x0000000100000000)
  eden space 156672K, 0% used [0x00000000f5580000,0x00000000f5580000,0x00000000fee80000)
  from space 1024K, 89% used [0x00000000fee80000,0x00000000fef65ba0,0x00000000fef80000)
  to   space 1536K, 0% used [0x00000000ff100000,0x00000000ff100000,0x00000000ff280000)
 ParOldGen       total 153600K, used 74163K [0x00000000e0000000, 0x00000000e9600000, 0x00000000f5580000)
  object space 153600K, 48% used [0x00000000e0000000,0x00000000e486cf50,0x00000000e9600000)
 Metaspace       used 94634K, capacity 102336K, committed 102448K, reserved 1138688K
  class space    used 11015K, capacity 13353K, committed 13360K, reserved 1048576K
}

