# JRE version: Java(TM) SE Runtime Environment (8.0_66-b18) (build 1.8.0_66-b18)
# Java VM: Java HotSpot(TM) 64-Bit Server VM (25.66-b18 mixed mode windows-amd64 compressed oops)
Heap:
 PSYoungGen      total 40960K, used 14780K [0x00000007bc400000, 0x00000007c0000000, 0x00000007c0000000)
  eden space 20480K, 69% used [0x00000007bc400000,0x00000007bd1ef308,0x00000007bd800000)
  from space 20480K, 2% used [0x00000007bec00000,0x00000007bec80070,0x00000007c0000000)
  to   space 20480K, 0% used [0x00000007bd800000,0x00000007bd800000,0x00000007bec00000)
 ParOldGen       total 176128K, used 73571K [0x0000000700000000, 0x000000070ac00000, 0x00000007bc400000)
  object space 176128K, 41% used [0x0000000700000000,0x00000007047d8d20,0x000000070ac00000)
 Metaspace       used 72300K, capacity 72929K, committed 73728K, reserved 1112064K
  class space    used 10021K, capacity 10158K, committed 10240K, reserved 1048576K
GC Heap History (10 events):
Event: 21256.465 GC heap before
{Heap before GC invocations=569 (full 21):
 PSYoungGen      total 40960K, used 20864K [0x00000007bc400000, 0x00000007c0000000, 0x00000007c0000000)
  eden space 20480K, 100% used [0x00000007bc400000,0x00000007bd800000,0x00000007bd800000)
  from space 20480K, 1% used [0x00000007bd800000,0x00000007bd860000,0x00000007bec00000)
  to   space 20480K, 0% used [0x00000007bec00000,0x00000007bec00000,0x00000007c0000000)
 ParOldGen       total 176128K, used 73419K [0x0000000700000000, 0x000000070ac00000, 0x00000007bc400000)
  object space 176128K, 41% used [0x0000000700000000,0x00000007047b2d20,0x000000070ac00000)
 Metaspace       used 72061K, capacity 72729K, committed 73344K, reserved 1112064K
  class space    used 9966K, capacity 10092K, committed 10112K, reserved 1048576K
Event: 21256.468 GC heap after
Heap after GC invocations=569 (full 21):
 PSYoungGen      total 40960K, used 352K [0x00000007bc400000, 0x00000007c0000000, 0x00000007c0000000)
  eden space 20480K, 0% used [0x00000007bc400000,0x00000007bc400000,0x00000007bd800000)
  from space 20480K, 1% used [0x00000007bec00000,0x00000007bec58000,0x00000007c0000000)
  to   space 20480K, 0% used [0x00000007bd800000,0x00000007bd800000,0x00000007bec00000)
 ParOldGen       total 176128K, used 73419K [0x0000000700000000, 0x000000070ac00000, 0x00000007bc400000)
  object space 176128K, 41% used [0x0000000700000000,0x00000007047b2d20,0x000000070ac00000)
 Metaspace       used 72061K, capacity 72729K, committed 73344K, reserved 1112064K
  class space    used 9966K, capacity 10092K, committed 10112K, reserved 1048576K
}
Event: 21371.348 GC heap before
{Heap before GC invocations=570 (full 21):
 PSYoungGen      total 40960K, used 20832K [0x00000007bc400000, 0x00000007c0000000, 0x00000007c0000000)
  eden space 20480K, 100% used [0x00000007bc400000,0x00000007bd800000,0x00000007bd800000)
  from space 20480K, 1% used [0x00000007bec00000,0x00000007bec58000,0x00000007c0000000)
  to   space 20480K, 0% used [0x00000007bd800000,0x00000007bd800000,0x00000007bec00000)
 ParOldGen       total 176128K, used 73419K [0x0000000700000000, 0x000000070ac00000, 0x00000007bc400000)
  object space 176128K, 41% used [0x0000000700000000,0x00000007047b2d20,0x000000070ac00000)
 Metaspace       used 72061K, capacity 72729K, committed 73344K, reserved 1112064K
  class space    used 9966K, capacity 10092K, committed 10112K, reserved 1048576K
Event: 21371.353 GC heap after
Heap after GC invocations=570 (full 21):
 PSYoungGen      total 40960K, used 352K [0x00000007bc400000, 0x00000007c0000000, 0x00000007c0000000)
  eden space 20480K, 0% used [0x00000007bc400000,0x00000007bc400000,0x00000007bd800000)
  from space 20480K, 1% used [0x00000007bd800000,0x00000007bd858000,0x00000007bec00000)
  to   space 20480K, 0% used [0x00000007bec00000,0x00000007bec00000,0x00000007c0000000)
 ParOldGen       total 176128K, used 73419K [0x0000000700000000, 0x000000070ac00000, 0x00000007bc400000)
  object space 176128K, 41% used [0x0000000700000000,0x00000007047b2d20,0x000000070ac00000)
 Metaspace       used 72061K, capacity 72729K, committed 73344K, reserved 1112064K
  class space    used 9966K, capacity 10092K, committed 10112K, reserved 1048576K
}
Event: 21473.605 GC heap before
{Heap before GC invocations=571 (full 21):
 PSYoungGen      total 40960K, used 20832K [0x00000007bc400000, 0x00000007c0000000, 0x00000007c0000000)
  eden space 20480K, 100% used [0x00000007bc400000,0x00000007bd800000,0x00000007bd800000)
  from space 20480K, 1% used [0x00000007bd800000,0x00000007bd858000,0x00000007bec00000)
  to   space 20480K, 0% used [0x00000007bec00000,0x00000007bec00000,0x00000007c0000000)
 ParOldGen       total 176128K, used 73419K [0x0000000700000000, 0x000000070ac00000, 0x00000007bc400000)
  object space 176128K, 41% used [0x0000000700000000,0x00000007047b2d20,0x000000070ac00000)
 Metaspace       used 72062K, capacity 72729K, committed 73344K, reserved 1112064K
  class space    used 9966K, capacity 10092K, committed 10112K, reserved 1048576K
Event: 21473.613 GC heap after
Heap after GC invocations=571 (full 21):
 PSYoungGen      total 40960K, used 448K [0x00000007bc400000, 0x00000007c0000000, 0x00000007c0000000)
  eden space 20480K, 0% used [0x00000007bc400000,0x00000007bc400000,0x00000007bd800000)
  from space 20480K, 2% used [0x00000007bec00000,0x00000007bec70000,0x00000007c0000000)
  to   space 20480K, 0% used [0x00000007bd800000,0x00000007bd800000,0x00000007bec00000)
 ParOldGen       total 176128K, used 73419K [0x0000000700000000, 0x000000070ac00000, 0x00000007bc400000)
  object space 176128K, 41% used [0x0000000700000000,0x00000007047b2d20,0x000000070ac00000)
 Metaspace       used 72062K, capacity 72729K, committed 73344K, reserved 1112064K
  class space    used 9966K, capacity 10092K, committed 10112K, reserved 1048576K
}
Event: 21587.038 GC heap before
{Heap before GC invocations=572 (full 21):
 PSYoungGen      total 40960K, used 20928K [0x00000007bc400000, 0x00000007c0000000, 0x00000007c0000000)
  eden space 20480K, 100% used [0x00000007bc400000,0x00000007bd800000,0x00000007bd800000)
  from space 20480K, 2% used [0x00000007bec00000,0x00000007bec70000,0x00000007c0000000)
  to   space 20480K, 0% used [0x00000007bd800000,0x00000007bd800000,0x00000007bec00000)
 ParOldGen       total 176128K, used 73419K [0x0000000700000000, 0x000000070ac00000, 0x00000007bc400000)
  object space 176128K, 41% used [0x0000000700000000,0x00000007047b2d20,0x000000070ac00000)
 Metaspace       used 72062K, capacity 72729K, committed 73344K, reserved 1112064K
  class space    used 9966K, capacity 10092K, committed 10112K, reserved 1048576K
Event: 21587.047 GC heap after
Heap after GC invocations=572 (full 21):
 PSYoungGen      total 40960K, used 480K [0x00000007bc400000, 0x00000007c0000000, 0x00000007c0000000)
  eden space 20480K, 0% used [0x00000007bc400000,0x00000007bc400000,0x00000007bd800000)
  from space 20480K, 2% used [0x00000007bd800000,0x00000007bd878000,0x00000007bec00000)
  to   space 20480K, 0% used [0x00000007bec00000,0x00000007bec00000,0x00000007c0000000)
 ParOldGen       total 176128K, used 73419K [0x0000000700000000, 0x000000070ac00000, 0x00000007bc400000)
  object space 176128K, 41% used [0x0000000700000000,0x00000007047b2d20,0x000000070ac00000)
 Metaspace       used 72062K, capacity 72729K, committed 73344K, reserved 1112064K
  class space    used 9966K, capacity 10092K, committed 10112K, reserved 1048576K
}
Event: 21678.868 GC heap before
{Heap before GC invocations=573 (full 21):
 PSYoungGen      total 40960K, used 20960K [0x00000007bc400000, 0x00000007c0000000, 0x00000007c0000000)
  eden space 20480K, 100% used [0x00000007bc400000,0x00000007bd800000,0x00000007bd800000)
  from space 20480K, 2% used [0x00000007bd800000,0x00000007bd878000,0x00000007bec00000)
  to   space 20480K, 0% used [0x00000007bec00000,0x00000007bec00000,0x00000007c0000000)
 ParOldGen       total 176128K, used 73419K [0x0000000700000000, 0x000000070ac00000, 0x00000007bc400000)
  object space 176128K, 41% used [0x0000000700000000,0x00000007047b2d20,0x000000070ac00000)
 Metaspace       used 72064K, capacity 72729K, committed 73344K, reserved 1112064K
  class space    used 9966K, capacity 10092K, committed 10112K, reserved 1048576K
Event: 21678.887 GC heap after
Heap after GC invocations=573 (full 21):
 PSYoungGen      total 40960K, used 512K [0x00000007bc400000, 0x00000007c0000000, 0x00000007c0000000)
  eden space 20480K, 0% used [0x00000007bc400000,0x00000007bc400000,0x00000007bd800000)
  from space 20480K, 2% used [0x00000007bec00000,0x00000007bec80070,0x00000007c0000000)
  to   space 20480K, 0% used [0x00000007bd800000,0x00000007bd800000,0x00000007bec00000)
 ParOldGen       total 176128K, used 73571K [0x0000000700000000, 0x000000070ac00000, 0x00000007bc400000)
  object space 176128K, 41% used [0x0000000700000000,0x00000007047d8d20,0x000000070ac00000)
 Metaspace       used 72064K, capacity 72729K, committed 73344K, reserved 1112064K
  class space    used 9966K, capacity 10092K, committed 10112K, reserved 1048576K
}

