# JRE version: Java(TM) SE Runtime Environment (8.0_66-b18) (build 1.8.0_66-b18)
# Java VM: Java HotSpot(TM) 64-Bit Server VM (25.66-b18 mixed mode windows-amd64 compressed oops)
Heap:
 PSYoungGen      total 28160K, used 14810K [0x00000000f5580000, 0x00000000f7400000, 0x0000000100000000)
  eden space 25088K, 54% used [0x00000000f5580000,0x00000000f62ecd90,0x00000000f6e00000)
  from space 3072K, 34% used [0x00000000f7100000,0x00000000f7209bb0,0x00000000f7400000)
  to   space 3072K, 0% used [0x00000000f6e00000,0x00000000f6e00000,0x00000000f7100000)
 ParOldGen       total 92672K, used 73738K [0x00000000e0000000, 0x00000000e5a80000, 0x00000000f5580000)
  object space 92672K, 79% used [0x00000000e0000000,0x00000000e4802b50,0x00000000e5a80000)
 Metaspace       used 90502K, capacity 97736K, committed 98088K, reserved 1134592K
  class space    used 10744K, capacity 13020K, committed 13096K, reserved 1048576K
GC Heap History (10 events):
Event: 1672.941 GC heap before
{Heap before GC invocations=81 (full 3):
 PSYoungGen      total 27648K, used 27392K [0x00000000f5580000, 0x00000000f7800000, 0x0000000100000000)
  eden space 27136K, 100% used [0x00000000f5580000,0x00000000f7000000,0x00000000f7000000)
  from space 512K, 50% used [0x00000000f7080000,0x00000000f70c0000,0x00000000f7100000)
  to   space 4096K, 0% used [0x00000000f7400000,0x00000000f7400000,0x00000000f7800000)
 ParOldGen       total 92672K, used 73706K [0x00000000e0000000, 0x00000000e5a80000, 0x00000000f5580000)
  object space 92672K, 79% used [0x00000000e0000000,0x00000000e47fab50,0x00000000e5a80000)
 Metaspace       used 89940K, capacity 97310K, committed 97704K, reserved 1134592K
  class space    used 10690K, capacity 12923K, committed 12968K, reserved 1048576K
Event: 1672.944 GC heap after
Heap after GC invocations=81 (full 3):
 PSYoungGen      total 30208K, used 256K [0x00000000f5580000, 0x00000000f7780000, 0x0000000100000000)
  eden space 26624K, 0% used [0x00000000f5580000,0x00000000f5580000,0x00000000f6f80000)
  from space 3584K, 7% used [0x00000000f7400000,0x00000000f7440000,0x00000000f7780000)
  to   space 4096K, 0% used [0x00000000f6f80000,0x00000000f6f80000,0x00000000f7380000)
 ParOldGen       total 92672K, used 73714K [0x00000000e0000000, 0x00000000e5a80000, 0x00000000f5580000)
  object space 92672K, 79% used [0x00000000e0000000,0x00000000e47fcb50,0x00000000e5a80000)
 Metaspace       used 89940K, capacity 97310K, committed 97704K, reserved 1134592K
  class space    used 10690K, capacity 12923K, committed 12968K, reserved 1048576K
}
Event: 1674.070 GC heap before
{Heap before GC invocations=82 (full 3):
 PSYoungGen      total 30208K, used 26880K [0x00000000f5580000, 0x00000000f7780000, 0x0000000100000000)
  eden space 26624K, 100% used [0x00000000f5580000,0x00000000f6f80000,0x00000000f6f80000)
  from space 3584K, 7% used [0x00000000f7400000,0x00000000f7440000,0x00000000f7780000)
  to   space 4096K, 0% used [0x00000000f6f80000,0x00000000f6f80000,0x00000000f7380000)
 ParOldGen       total 92672K, used 73714K [0x00000000e0000000, 0x00000000e5a80000, 0x00000000f5580000)
  object space 92672K, 79% used [0x00000000e0000000,0x00000000e47fcb50,0x00000000e5a80000)
 Metaspace       used 89940K, capacity 97310K, committed 97704K, reserved 1134592K
  class space    used 10690K, capacity 12923K, committed 12968K, reserved 1048576K
Event: 1674.073 GC heap after
Heap after GC invocations=82 (full 3):
 PSYoungGen      total 26624K, used 224K [0x00000000f5580000, 0x00000000f7600000, 0x0000000100000000)
  eden space 26112K, 0% used [0x00000000f5580000,0x00000000f5580000,0x00000000f6f00000)
  from space 512K, 43% used [0x00000000f6f80000,0x00000000f6fb8000,0x00000000f7000000)
  to   space 3584K, 0% used [0x00000000f7280000,0x00000000f7280000,0x00000000f7600000)
 ParOldGen       total 92672K, used 73714K [0x00000000e0000000, 0x00000000e5a80000, 0x00000000f5580000)
  object space 92672K, 79% used [0x00000000e0000000,0x00000000e47fcb50,0x00000000e5a80000)
 Metaspace       used 89940K, capacity 97310K, committed 97704K, reserved 1134592K
  class space    used 10690K, capacity 12923K, committed 12968K, reserved 1048576K
}
Event: 1675.012 GC heap before
{Heap before GC invocations=83 (full 3):
 PSYoungGen      total 26624K, used 26336K [0x00000000f5580000, 0x00000000f7600000, 0x0000000100000000)
  eden space 26112K, 100% used [0x00000000f5580000,0x00000000f6f00000,0x00000000f6f00000)
  from space 512K, 43% used [0x00000000f6f80000,0x00000000f6fb8000,0x00000000f7000000)
  to   space 3584K, 0% used [0x00000000f7280000,0x00000000f7280000,0x00000000f7600000)
 ParOldGen       total 92672K, used 73714K [0x00000000e0000000, 0x00000000e5a80000, 0x00000000f5580000)
  object space 92672K, 79% used [0x00000000e0000000,0x00000000e47fcb50,0x00000000e5a80000)
 Metaspace       used 89958K, capacity 97310K, committed 97704K, reserved 1134592K
  class space    used 10692K, capacity 12923K, committed 12968K, reserved 1048576K
Event: 1675.015 GC heap after
Heap after GC invocations=83 (full 3):
 PSYoungGen      total 28672K, used 320K [0x00000000f5580000, 0x00000000f7580000, 0x0000000100000000)
  eden space 25600K, 0% used [0x00000000f5580000,0x00000000f5580000,0x00000000f6e80000)
  from space 3072K, 10% used [0x00000000f7280000,0x00000000f72d0000,0x00000000f7580000)
  to   space 3584K, 0% used [0x00000000f6e80000,0x00000000f6e80000,0x00000000f7200000)
 ParOldGen       total 92672K, used 73722K [0x00000000e0000000, 0x00000000e5a80000, 0x00000000f5580000)
  object space 92672K, 79% used [0x00000000e0000000,0x00000000e47feb50,0x00000000e5a80000)
 Metaspace       used 89958K, capacity 97310K, committed 97704K, reserved 1134592K
  class space    used 10692K, capacity 12923K, committed 12968K, reserved 1048576K
}
Event: 1675.686 GC heap before
{Heap before GC invocations=84 (full 3):
 PSYoungGen      total 28672K, used 25920K [0x00000000f5580000, 0x00000000f7580000, 0x0000000100000000)
  eden space 25600K, 100% used [0x00000000f5580000,0x00000000f6e80000,0x00000000f6e80000)
  from space 3072K, 10% used [0x00000000f7280000,0x00000000f72d0000,0x00000000f7580000)
  to   space 3584K, 0% used [0x00000000f6e80000,0x00000000f6e80000,0x00000000f7200000)
 ParOldGen       total 92672K, used 73722K [0x00000000e0000000, 0x00000000e5a80000, 0x00000000f5580000)
  object space 92672K, 79% used [0x00000000e0000000,0x00000000e47feb50,0x00000000e5a80000)
 Metaspace       used 89991K, capacity 97316K, committed 97704K, reserved 1134592K
  class space    used 10696K, capacity 12924K, committed 12968K, reserved 1048576K
Event: 1675.690 GC heap after
Heap after GC invocations=84 (full 3):
 PSYoungGen      total 25600K, used 432K [0x00000000f5580000, 0x00000000f7400000, 0x0000000100000000)
  eden space 25088K, 0% used [0x00000000f5580000,0x00000000f5580000,0x00000000f6e00000)
  from space 512K, 84% used [0x00000000f6e80000,0x00000000f6eec010,0x00000000f6f00000)
  to   space 3072K, 0% used [0x00000000f7100000,0x00000000f7100000,0x00000000f7400000)
 ParOldGen       total 92672K, used 73730K [0x00000000e0000000, 0x00000000e5a80000, 0x00000000f5580000)
  object space 92672K, 79% used [0x00000000e0000000,0x00000000e4800b50,0x00000000e5a80000)
 Metaspace       used 89991K, capacity 97316K, committed 97704K, reserved 1134592K
  class space    used 10696K, capacity 12924K, committed 12968K, reserved 1048576K
}
Event: 1676.472 GC heap before
{Heap before GC invocations=85 (full 3):
 PSYoungGen      total 25600K, used 25520K [0x00000000f5580000, 0x00000000f7400000, 0x0000000100000000)
  eden space 25088K, 100% used [0x00000000f5580000,0x00000000f6e00000,0x00000000f6e00000)
  from space 512K, 84% used [0x00000000f6e80000,0x00000000f6eec010,0x00000000f6f00000)
  to   space 3072K, 0% used [0x00000000f7100000,0x00000000f7100000,0x00000000f7400000)
 ParOldGen       total 92672K, used 73730K [0x00000000e0000000, 0x00000000e5a80000, 0x00000000f5580000)
  object space 92672K, 79% used [0x00000000e0000000,0x00000000e4800b50,0x00000000e5a80000)
 Metaspace       used 90310K, capacity 97576K, committed 97832K, reserved 1134592K
  class space    used 10724K, capacity 12988K, committed 13096K, reserved 1048576K
Event: 1676.480 GC heap after
Heap after GC invocations=85 (full 3):
 PSYoungGen      total 28160K, used 1062K [0x00000000f5580000, 0x00000000f7400000, 0x0000000100000000)
  eden space 25088K, 0% used [0x00000000f5580000,0x00000000f5580000,0x00000000f6e00000)
  from space 3072K, 34% used [0x00000000f7100000,0x00000000f7209bb0,0x00000000f7400000)
  to   space 3072K, 0% used [0x00000000f6e00000,0x00000000f6e00000,0x00000000f7100000)
 ParOldGen       total 92672K, used 73738K [0x00000000e0000000, 0x00000000e5a80000, 0x00000000f5580000)
  object space 92672K, 79% used [0x00000000e0000000,0x00000000e4802b50,0x00000000e5a80000)
 Metaspace       used 90310K, capacity 97576K, committed 97832K, reserved 1134592K
  class space    used 10724K, capacity 12988K, committed 13096K, reserved 1048576K
}

