# JRE version: Java(TM) SE Runtime Environment (8.0_66-b18) (build 1.8.0_66-b18)
# Java VM: Java HotSpot(TM) 64-Bit Server VM (25.66-b18 mixed mode windows-amd64 compressed oops)
Heap:
 PSYoungGen      total 45568K, used 12705K [0x00000000f5580000, 0x00000000f8480000, 0x0000000100000000)
  eden space 44544K, 26% used [0x00000000f5580000,0x00000000f60fc3f8,0x00000000f8100000)
  from space 1024K, 92% used [0x00000000f8200000,0x00000000f82ec010,0x00000000f8300000)
  to   space 1536K, 0% used [0x00000000f8300000,0x00000000f8300000,0x00000000f8480000)
 ParOldGen       total 130048K, used 91993K [0x00000000e0000000, 0x00000000e7f00000, 0x00000000f5580000)
  object space 130048K, 70% used [0x00000000e0000000,0x00000000e59d6558,0x00000000e7f00000)
 Metaspace       used 99079K, capacity 106900K, committed 107160K, reserved 1142784K
  class space    used 11805K, capacity 14169K, committed 14256K, reserved 1048576K
GC Heap History (10 events):
Event: 620.388 GC heap before
{Heap before GC invocations=343 (full 4):
 PSYoungGen      total 46592K, used 45264K [0x00000000f5580000, 0x00000000f8480000, 0x0000000100000000)
  eden space 45056K, 100% used [0x00000000f5580000,0x00000000f8180000,0x00000000f8180000)
  from space 1536K, 13% used [0x00000000f8300000,0x00000000f8334010,0x00000000f8480000)
  to   space 1536K, 0% used [0x00000000f8180000,0x00000000f8180000,0x00000000f8300000)
 ParOldGen       total 130048K, used 91937K [0x00000000e0000000, 0x00000000e7f00000, 0x00000000f5580000)
  object space 130048K, 70% used [0x00000000e0000000,0x00000000e59c8558,0x00000000e7f00000)
 Metaspace       used 98593K, capacity 106340K, committed 106776K, reserved 1142784K
  class space    used 11754K, capacity 14071K, committed 14128K, reserved 1048576K
Event: 620.397 GC heap after
Heap after GC invocations=343 (full 4):
 PSYoungGen      total 46592K, used 400K [0x00000000f5580000, 0x00000000f8600000, 0x0000000100000000)
  eden space 45056K, 0% used [0x00000000f5580000,0x00000000f5580000,0x00000000f8180000)
  from space 1536K, 26% used [0x00000000f8180000,0x00000000f81e4010,0x00000000f8300000)
  to   space 1536K, 0% used [0x00000000f8480000,0x00000000f8480000,0x00000000f8600000)
 ParOldGen       total 130048K, used 91969K [0x00000000e0000000, 0x00000000e7f00000, 0x00000000f5580000)
  object space 130048K, 70% used [0x00000000e0000000,0x00000000e59d0558,0x00000000e7f00000)
 Metaspace       used 98593K, capacity 106340K, committed 106776K, reserved 1142784K
  class space    used 11754K, capacity 14071K, committed 14128K, reserved 1048576K
}
Event: 621.398 GC heap before
{Heap before GC invocations=344 (full 4):
 PSYoungGen      total 46592K, used 45456K [0x00000000f5580000, 0x00000000f8600000, 0x0000000100000000)
  eden space 45056K, 100% used [0x00000000f5580000,0x00000000f8180000,0x00000000f8180000)
  from space 1536K, 26% used [0x00000000f8180000,0x00000000f81e4010,0x00000000f8300000)
  to   space 1536K, 0% used [0x00000000f8480000,0x00000000f8480000,0x00000000f8600000)
 ParOldGen       total 130048K, used 91969K [0x00000000e0000000, 0x00000000e7f00000, 0x00000000f5580000)
  object space 130048K, 70% used [0x00000000e0000000,0x00000000e59d0558,0x00000000e7f00000)
 Metaspace       used 98685K, capacity 106500K, committed 106776K, reserved 1142784K
  class space    used 11765K, capacity 14103K, committed 14128K, reserved 1048576K
Event: 621.403 GC heap after
Heap after GC invocations=344 (full 4):
 PSYoungGen      total 47104K, used 512K [0x00000000f5580000, 0x00000000f8580000, 0x0000000100000000)
  eden space 46080K, 0% used [0x00000000f5580000,0x00000000f5580000,0x00000000f8280000)
  from space 1024K, 50% used [0x00000000f8480000,0x00000000f8500000,0x00000000f8580000)
  to   space 1536K, 0% used [0x00000000f8280000,0x00000000f8280000,0x00000000f8400000)
 ParOldGen       total 130048K, used 91977K [0x00000000e0000000, 0x00000000e7f00000, 0x00000000f5580000)
  object space 130048K, 70% used [0x00000000e0000000,0x00000000e59d2558,0x00000000e7f00000)
 Metaspace       used 98685K, capacity 106500K, committed 106776K, reserved 1142784K
  class space    used 11765K, capacity 14103K, committed 14128K, reserved 1048576K
}
Event: 622.564 GC heap before
{Heap before GC invocations=345 (full 4):
 PSYoungGen      total 47104K, used 46592K [0x00000000f5580000, 0x00000000f8580000, 0x0000000100000000)
  eden space 46080K, 100% used [0x00000000f5580000,0x00000000f8280000,0x00000000f8280000)
  from space 1024K, 50% used [0x00000000f8480000,0x00000000f8500000,0x00000000f8580000)
  to   space 1536K, 0% used [0x00000000f8280000,0x00000000f8280000,0x00000000f8400000)
 ParOldGen       total 130048K, used 91977K [0x00000000e0000000, 0x00000000e7f00000, 0x00000000f5580000)
  object space 130048K, 70% used [0x00000000e0000000,0x00000000e59d2558,0x00000000e7f00000)
 Metaspace       used 98898K, capacity 106708K, committed 107160K, reserved 1142784K
  class space    used 11785K, capacity 14169K, committed 14256K, reserved 1048576K
Event: 622.570 GC heap after
Heap after GC invocations=345 (full 4):
 PSYoungGen      total 47104K, used 1158K [0x00000000f5580000, 0x00000000f8500000, 0x0000000100000000)
  eden space 45568K, 0% used [0x00000000f5580000,0x00000000f5580000,0x00000000f8200000)
  from space 1536K, 75% used [0x00000000f8280000,0x00000000f83a1bb0,0x00000000f8400000)
  to   space 1024K, 0% used [0x00000000f8400000,0x00000000f8400000,0x00000000f8500000)
 ParOldGen       total 130048K, used 91985K [0x00000000e0000000, 0x00000000e7f00000, 0x00000000f5580000)
  object space 130048K, 70% used [0x00000000e0000000,0x00000000e59d4558,0x00000000e7f00000)
 Metaspace       used 98898K, capacity 106708K, committed 107160K, reserved 1142784K
  class space    used 11785K, capacity 14169K, committed 14256K, reserved 1048576K
}
Event: 623.836 GC heap before
{Heap before GC invocations=346 (full 4):
 PSYoungGen      total 47104K, used 46726K [0x00000000f5580000, 0x00000000f8500000, 0x0000000100000000)
  eden space 45568K, 100% used [0x00000000f5580000,0x00000000f8200000,0x00000000f8200000)
  from space 1536K, 75% used [0x00000000f8280000,0x00000000f83a1bb0,0x00000000f8400000)
  to   space 1024K, 0% used [0x00000000f8400000,0x00000000f8400000,0x00000000f8500000)
 ParOldGen       total 130048K, used 91985K [0x00000000e0000000, 0x00000000e7f00000, 0x00000000f5580000)
  object space 130048K, 70% used [0x00000000e0000000,0x00000000e59d4558,0x00000000e7f00000)
 Metaspace       used 98898K, capacity 106708K, committed 107160K, reserved 1142784K
  class space    used 11785K, capacity 14169K, committed 14256K, reserved 1048576K
Event: 623.841 GC heap after
Heap after GC invocations=346 (full 4):
 PSYoungGen      total 46080K, used 784K [0x00000000f5580000, 0x00000000f8500000, 0x0000000100000000)
  eden space 45056K, 0% used [0x00000000f5580000,0x00000000f5580000,0x00000000f8180000)
  from space 1024K, 76% used [0x00000000f8400000,0x00000000f84c4010,0x00000000f8500000)
  to   space 1536K, 0% used [0x00000000f8200000,0x00000000f8200000,0x00000000f8380000)
 ParOldGen       total 130048K, used 91985K [0x00000000e0000000, 0x00000000e7f00000, 0x00000000f5580000)
  object space 130048K, 70% used [0x00000000e0000000,0x00000000e59d4558,0x00000000e7f00000)
 Metaspace       used 98898K, capacity 106708K, committed 107160K, reserved 1142784K
  class space    used 11785K, capacity 14169K, committed 14256K, reserved 1048576K
}
Event: 625.106 GC heap before
{Heap before GC invocations=347 (full 4):
 PSYoungGen      total 46080K, used 45840K [0x00000000f5580000, 0x00000000f8500000, 0x0000000100000000)
  eden space 45056K, 100% used [0x00000000f5580000,0x00000000f8180000,0x00000000f8180000)
  from space 1024K, 76% used [0x00000000f8400000,0x00000000f84c4010,0x00000000f8500000)
  to   space 1536K, 0% used [0x00000000f8200000,0x00000000f8200000,0x00000000f8380000)
 ParOldGen       total 130048K, used 91985K [0x00000000e0000000, 0x00000000e7f00000, 0x00000000f5580000)
  object space 130048K, 70% used [0x00000000e0000000,0x00000000e59d4558,0x00000000e7f00000)
 Metaspace       used 99001K, capacity 106772K, committed 107160K, reserved 1142784K
  class space    used 11800K, capacity 14169K, committed 14256K, reserved 1048576K
Event: 625.111 GC heap after
Heap after GC invocations=347 (full 4):
 PSYoungGen      total 45568K, used 944K [0x00000000f5580000, 0x00000000f8480000, 0x0000000100000000)
  eden space 44544K, 0% used [0x00000000f5580000,0x00000000f5580000,0x00000000f8100000)
  from space 1024K, 92% used [0x00000000f8200000,0x00000000f82ec010,0x00000000f8300000)
  to   space 1536K, 0% used [0x00000000f8300000,0x00000000f8300000,0x00000000f8480000)
 ParOldGen       total 130048K, used 91993K [0x00000000e0000000, 0x00000000e7f00000, 0x00000000f5580000)
  object space 130048K, 70% used [0x00000000e0000000,0x00000000e59d6558,0x00000000e7f00000)
 Metaspace       used 99001K, capacity 106772K, committed 107160K, reserved 1142784K
  class space    used 11800K, capacity 14169K, committed 14256K, reserved 1048576K
}

