# JRE version: Java(TM) SE Runtime Environment (8.0_66-b18) (build 1.8.0_66-b18)
# Java VM: Java HotSpot(TM) 64-Bit Server VM (25.66-b18 mixed mode windows-amd64 compressed oops)
Heap:
 PSYoungGen      total 172544K, used 48278K [0x00000000f5580000, 0x00000000ffe80000, 0x0000000100000000)
  eden space 172032K, 27% used [0x00000000f5580000,0x00000000f847db08,0x00000000ffd80000)
  from space 512K, 31% used [0x00000000ffe00000,0x00000000ffe28000,0x00000000ffe80000)
  to   space 512K, 0% used [0x00000000ffd80000,0x00000000ffd80000,0x00000000ffe00000)
 ParOldGen       total 162816K, used 69266K [0x00000000e0000000, 0x00000000e9f00000, 0x00000000f5580000)
  object space 162816K, 42% used [0x00000000e0000000,0x00000000e43a4bb0,0x00000000e9f00000)
 Metaspace       used 92275K, capacity 99788K, committed 100224K, reserved 1136640K
  class space    used 10708K, capacity 13038K, committed 13184K, reserved 1048576K
GC Heap History (10 events):
Event: 5554.698 GC heap before
{Heap before GC invocations=3721 (full 5):
 PSYoungGen      total 169984K, used 169588K [0x00000000f5580000, 0x00000000ffd00000, 0x0000000100000000)
  eden space 169472K, 100% used [0x00000000f5580000,0x00000000ffb00000,0x00000000ffb00000)
  from space 512K, 22% used [0x00000000ffb00000,0x00000000ffb1d3d0,0x00000000ffb80000)
  to   space 512K, 0% used [0x00000000ffc80000,0x00000000ffc80000,0x00000000ffd00000)
 ParOldGen       total 162816K, used 69266K [0x00000000e0000000, 0x00000000e9f00000, 0x00000000f5580000)
  object space 162816K, 42% used [0x00000000e0000000,0x00000000e43a4bb0,0x00000000e9f00000)
 Metaspace       used 92192K, capacity 99660K, committed 100224K, reserved 1136640K
  class space    used 10702K, capacity 13038K, committed 13184K, reserved 1048576K
Event: 5554.701 GC heap after
Heap after GC invocations=3721 (full 5):
 PSYoungGen      total 171008K, used 116K [0x00000000f5580000, 0x00000000ffd00000, 0x0000000100000000)
  eden space 170496K, 0% used [0x00000000f5580000,0x00000000f5580000,0x00000000ffc00000)
  from space 512K, 22% used [0x00000000ffc80000,0x00000000ffc9d3d0,0x00000000ffd00000)
  to   space 512K, 0% used [0x00000000ffc00000,0x00000000ffc00000,0x00000000ffc80000)
 ParOldGen       total 162816K, used 69266K [0x00000000e0000000, 0x00000000e9f00000, 0x00000000f5580000)
  object space 162816K, 42% used [0x00000000e0000000,0x00000000e43a4bb0,0x00000000e9f00000)
 Metaspace       used 92192K, capacity 99660K, committed 100224K, reserved 1136640K
  class space    used 10702K, capacity 13038K, committed 13184K, reserved 1048576K
}
Event: 5559.453 GC heap before
{Heap before GC invocations=3722 (full 5):
 PSYoungGen      total 171008K, used 170612K [0x00000000f5580000, 0x00000000ffd00000, 0x0000000100000000)
  eden space 170496K, 100% used [0x00000000f5580000,0x00000000ffc00000,0x00000000ffc00000)
  from space 512K, 22% used [0x00000000ffc80000,0x00000000ffc9d3d0,0x00000000ffd00000)
  to   space 512K, 0% used [0x00000000ffc00000,0x00000000ffc00000,0x00000000ffc80000)
 ParOldGen       total 162816K, used 69266K [0x00000000e0000000, 0x00000000e9f00000, 0x00000000f5580000)
  object space 162816K, 42% used [0x00000000e0000000,0x00000000e43a4bb0,0x00000000e9f00000)
 Metaspace       used 92192K, capacity 99660K, committed 100224K, reserved 1136640K
  class space    used 10702K, capacity 13038K, committed 13184K, reserved 1048576K
Event: 5559.457 GC heap after
Heap after GC invocations=3722 (full 5):
 PSYoungGen      total 171008K, used 84K [0x00000000f5580000, 0x00000000ffe00000, 0x0000000100000000)
  eden space 170496K, 0% used [0x00000000f5580000,0x00000000f5580000,0x00000000ffc00000)
  from space 512K, 16% used [0x00000000ffc00000,0x00000000ffc153d0,0x00000000ffc80000)
  to   space 512K, 0% used [0x00000000ffd80000,0x00000000ffd80000,0x00000000ffe00000)
 ParOldGen       total 162816K, used 69266K [0x00000000e0000000, 0x00000000e9f00000, 0x00000000f5580000)
  object space 162816K, 42% used [0x00000000e0000000,0x00000000e43a4bb0,0x00000000e9f00000)
 Metaspace       used 92192K, capacity 99660K, committed 100224K, reserved 1136640K
  class space    used 10702K, capacity 13038K, committed 13184K, reserved 1048576K
}
Event: 5564.101 GC heap before
{Heap before GC invocations=3723 (full 5):
 PSYoungGen      total 171008K, used 170580K [0x00000000f5580000, 0x00000000ffe00000, 0x0000000100000000)
  eden space 170496K, 100% used [0x00000000f5580000,0x00000000ffc00000,0x00000000ffc00000)
  from space 512K, 16% used [0x00000000ffc00000,0x00000000ffc153d0,0x00000000ffc80000)
  to   space 512K, 0% used [0x00000000ffd80000,0x00000000ffd80000,0x00000000ffe00000)
 ParOldGen       total 162816K, used 69266K [0x00000000e0000000, 0x00000000e9f00000, 0x00000000f5580000)
  object space 162816K, 42% used [0x00000000e0000000,0x00000000e43a4bb0,0x00000000e9f00000)
 Metaspace       used 92192K, capacity 99660K, committed 100224K, reserved 1136640K
  class space    used 10702K, capacity 13038K, committed 13184K, reserved 1048576K
Event: 5564.104 GC heap after
Heap after GC invocations=3723 (full 5):
 PSYoungGen      total 171520K, used 116K [0x00000000f5580000, 0x00000000ffe00000, 0x0000000100000000)
  eden space 171008K, 0% used [0x00000000f5580000,0x00000000f5580000,0x00000000ffc80000)
  from space 512K, 22% used [0x00000000ffd80000,0x00000000ffd9d3d0,0x00000000ffe00000)
  to   space 512K, 0% used [0x00000000ffd00000,0x00000000ffd00000,0x00000000ffd80000)
 ParOldGen       total 162816K, used 69266K [0x00000000e0000000, 0x00000000e9f00000, 0x00000000f5580000)
  object space 162816K, 42% used [0x00000000e0000000,0x00000000e43a4bb0,0x00000000e9f00000)
 Metaspace       used 92192K, capacity 99660K, committed 100224K, reserved 1136640K
  class space    used 10702K, capacity 13038K, committed 13184K, reserved 1048576K
}
Event: 5568.759 GC heap before
{Heap before GC invocations=3724 (full 5):
 PSYoungGen      total 171520K, used 171124K [0x00000000f5580000, 0x00000000ffe00000, 0x0000000100000000)
  eden space 171008K, 100% used [0x00000000f5580000,0x00000000ffc80000,0x00000000ffc80000)
  from space 512K, 22% used [0x00000000ffd80000,0x00000000ffd9d3d0,0x00000000ffe00000)
  to   space 512K, 0% used [0x00000000ffd00000,0x00000000ffd00000,0x00000000ffd80000)
 ParOldGen       total 162816K, used 69266K [0x00000000e0000000, 0x00000000e9f00000, 0x00000000f5580000)
  object space 162816K, 42% used [0x00000000e0000000,0x00000000e43a4bb0,0x00000000e9f00000)
 Metaspace       used 92192K, capacity 99660K, committed 100224K, reserved 1136640K
  class space    used 10702K, capacity 13038K, committed 13184K, reserved 1048576K
Event: 5568.763 GC heap after
Heap after GC invocations=3724 (full 5):
 PSYoungGen      total 172032K, used 96K [0x00000000f5580000, 0x00000000ffe80000, 0x0000000100000000)
  eden space 171520K, 0% used [0x00000000f5580000,0x00000000f5580000,0x00000000ffd00000)
  from space 512K, 18% used [0x00000000ffd00000,0x00000000ffd18000,0x00000000ffd80000)
  to   space 512K, 0% used [0x00000000ffe00000,0x00000000ffe00000,0x00000000ffe80000)
 ParOldGen       total 162816K, used 69266K [0x00000000e0000000, 0x00000000e9f00000, 0x00000000f5580000)
  object space 162816K, 42% used [0x00000000e0000000,0x00000000e43a4bb0,0x00000000e9f00000)
 Metaspace       used 92192K, capacity 99660K, committed 100224K, reserved 1136640K
  class space    used 10702K, capacity 13038K, committed 13184K, reserved 1048576K
}
Event: 5573.222 GC heap before
{Heap before GC invocations=3725 (full 5):
 PSYoungGen      total 172032K, used 171616K [0x00000000f5580000, 0x00000000ffe80000, 0x0000000100000000)
  eden space 171520K, 100% used [0x00000000f5580000,0x00000000ffd00000,0x00000000ffd00000)
  from space 512K, 18% used [0x00000000ffd00000,0x00000000ffd18000,0x00000000ffd80000)
  to   space 512K, 0% used [0x00000000ffe00000,0x00000000ffe00000,0x00000000ffe80000)
 ParOldGen       total 162816K, used 69266K [0x00000000e0000000, 0x00000000e9f00000, 0x00000000f5580000)
  object space 162816K, 42% used [0x00000000e0000000,0x00000000e43a4bb0,0x00000000e9f00000)
 Metaspace       used 92192K, capacity 99660K, committed 100224K, reserved 1136640K
  class space    used 10702K, capacity 13038K, committed 13184K, reserved 1048576K
Event: 5573.226 GC heap after
Heap after GC invocations=3725 (full 5):
 PSYoungGen      total 172544K, used 160K [0x00000000f5580000, 0x00000000ffe80000, 0x0000000100000000)
  eden space 172032K, 0% used [0x00000000f5580000,0x00000000f5580000,0x00000000ffd80000)
  from space 512K, 31% used [0x00000000ffe00000,0x00000000ffe28000,0x00000000ffe80000)
  to   space 512K, 0% used [0x00000000ffd80000,0x00000000ffd80000,0x00000000ffe00000)
 ParOldGen       total 162816K, used 69266K [0x00000000e0000000, 0x00000000e9f00000, 0x00000000f5580000)
  object space 162816K, 42% used [0x00000000e0000000,0x00000000e43a4bb0,0x00000000e9f00000)
 Metaspace       used 92192K, capacity 99660K, committed 100224K, reserved 1136640K
  class space    used 10702K, capacity 13038K, committed 13184K, reserved 1048576K
}

