# JRE version: Java(TM) SE Runtime Environment (8.0_66-b18) (build 1.8.0_66-b18)
# Java VM: Java HotSpot(TM) 64-Bit Server VM (25.66-b18 mixed mode windows-amd64 compressed oops)
Heap:
 PSYoungGen      total 53248K, used 35901K [0x00000000f5580000, 0x00000000f8d00000, 0x0000000100000000)
  eden space 52224K, 67% used [0x00000000f5580000,0x00000000f77e2e80,0x00000000f8880000)
  from space 1024K, 67% used [0x00000000f8b00000,0x00000000f8bac7d0,0x00000000f8c00000)
  to   space 1024K, 0% used [0x00000000f8c00000,0x00000000f8c00000,0x00000000f8d00000)
 ParOldGen       total 130560K, used 124797K [0x00000000e0000000, 0x00000000e7f80000, 0x00000000f5580000)
  object space 130560K, 95% used [0x00000000e0000000,0x00000000e79df5e8,0x00000000e7f80000)
 Metaspace       used 92001K, capacity 99314K, committed 99480K, reserved 1136640K
  class space    used 10867K, capacity 13171K, committed 13232K, reserved 1048576K
GC Heap History (10 events):
Event: 3964.583 GC heap before
{Heap before GC invocations=3797 (full 4):
 PSYoungGen      total 54272K, used 53904K [0x00000000f5580000, 0x00000000f8b00000, 0x0000000100000000)
  eden space 53760K, 100% used [0x00000000f5580000,0x00000000f8a00000,0x00000000f8a00000)
  from space 512K, 28% used [0x00000000f8a80000,0x00000000f8aa4010,0x00000000f8b00000)
  to   space 512K, 0% used [0x00000000f8a00000,0x00000000f8a00000,0x00000000f8a80000)
 ParOldGen       total 130560K, used 123759K [0x00000000e0000000, 0x00000000e7f80000, 0x00000000f5580000)
  object space 130560K, 94% used [0x00000000e0000000,0x00000000e78dbe08,0x00000000e7f80000)
 Metaspace       used 91497K, capacity 98926K, committed 99224K, reserved 1134592K
  class space    used 10821K, capacity 13107K, committed 13232K, reserved 1048576K
Event: 3964.606 GC heap after
Heap after GC invocations=3797 (full 4):
 PSYoungGen      total 54272K, used 512K [0x00000000f5580000, 0x00000000f8d00000, 0x0000000100000000)
  eden space 53760K, 0% used [0x00000000f5580000,0x00000000f5580000,0x00000000f8a00000)
  from space 512K, 100% used [0x00000000f8a00000,0x00000000f8a80000,0x00000000f8a80000)
  to   space 512K, 0% used [0x00000000f8c80000,0x00000000f8c80000,0x00000000f8d00000)
 ParOldGen       total 130560K, used 123953K [0x00000000e0000000, 0x00000000e7f80000, 0x00000000f5580000)
  object space 130560K, 94% used [0x00000000e0000000,0x00000000e790c4f0,0x00000000e7f80000)
 Metaspace       used 91497K, capacity 98926K, committed 99224K, reserved 1134592K
  class space    used 10821K, capacity 13107K, committed 13232K, reserved 1048576K
}
Event: 3966.964 GC heap before
{Heap before GC invocations=3798 (full 4):
 PSYoungGen      total 54272K, used 54272K [0x00000000f5580000, 0x00000000f8d00000, 0x0000000100000000)
  eden space 53760K, 100% used [0x00000000f5580000,0x00000000f8a00000,0x00000000f8a00000)
  from space 512K, 100% used [0x00000000f8a00000,0x00000000f8a80000,0x00000000f8a80000)
  to   space 512K, 0% used [0x00000000f8c80000,0x00000000f8c80000,0x00000000f8d00000)
 ParOldGen       total 130560K, used 123953K [0x00000000e0000000, 0x00000000e7f80000, 0x00000000f5580000)
  object space 130560K, 94% used [0x00000000e0000000,0x00000000e790c4f0,0x00000000e7f80000)
 Metaspace       used 91677K, capacity 99086K, committed 99224K, reserved 1134592K
  class space    used 10835K, capacity 13139K, committed 13232K, reserved 1048576K
Event: 3966.970 GC heap after
Heap after GC invocations=3798 (full 4):
 PSYoungGen      total 55808K, used 512K [0x00000000f5580000, 0x00000000f8d80000, 0x0000000100000000)
  eden space 55296K, 0% used [0x00000000f5580000,0x00000000f5580000,0x00000000f8b80000)
  from space 512K, 100% used [0x00000000f8c80000,0x00000000f8d00000,0x00000000f8d00000)
  to   space 1024K, 0% used [0x00000000f8b80000,0x00000000f8b80000,0x00000000f8c80000)
 ParOldGen       total 130560K, used 124669K [0x00000000e0000000, 0x00000000e7f80000, 0x00000000f5580000)
  object space 130560K, 95% used [0x00000000e0000000,0x00000000e79bf5c8,0x00000000e7f80000)
 Metaspace       used 91677K, capacity 99086K, committed 99224K, reserved 1134592K
  class space    used 10835K, capacity 13139K, committed 13232K, reserved 1048576K
}
Event: 3969.308 GC heap before
{Heap before GC invocations=3799 (full 4):
 PSYoungGen      total 55808K, used 55808K [0x00000000f5580000, 0x00000000f8d80000, 0x0000000100000000)
  eden space 55296K, 100% used [0x00000000f5580000,0x00000000f8b80000,0x00000000f8b80000)
  from space 512K, 100% used [0x00000000f8c80000,0x00000000f8d00000,0x00000000f8d00000)
  to   space 1024K, 0% used [0x00000000f8b80000,0x00000000f8b80000,0x00000000f8c80000)
 ParOldGen       total 130560K, used 124669K [0x00000000e0000000, 0x00000000e7f80000, 0x00000000f5580000)
  object space 130560K, 95% used [0x00000000e0000000,0x00000000e79bf5c8,0x00000000e7f80000)
 Metaspace       used 91815K, capacity 99186K, committed 99480K, reserved 1136640K
  class space    used 10848K, capacity 13171K, committed 13232K, reserved 1048576K
Event: 3969.323 GC heap after
Heap after GC invocations=3799 (full 4):
 PSYoungGen      total 55296K, used 726K [0x00000000f5580000, 0x00000000f8d00000, 0x0000000100000000)
  eden space 54272K, 0% used [0x00000000f5580000,0x00000000f5580000,0x00000000f8a80000)
  from space 1024K, 70% used [0x00000000f8b80000,0x00000000f8c35ba0,0x00000000f8c80000)
  to   space 512K, 0% used [0x00000000f8c80000,0x00000000f8c80000,0x00000000f8d00000)
 ParOldGen       total 130560K, used 124701K [0x00000000e0000000, 0x00000000e7f80000, 0x00000000f5580000)
  object space 130560K, 95% used [0x00000000e0000000,0x00000000e79c75c8,0x00000000e7f80000)
 Metaspace       used 91815K, capacity 99186K, committed 99480K, reserved 1136640K
  class space    used 10848K, capacity 13171K, committed 13232K, reserved 1048576K
}
Event: 3971.482 GC heap before
{Heap before GC invocations=3800 (full 4):
 PSYoungGen      total 55296K, used 54998K [0x00000000f5580000, 0x00000000f8d00000, 0x0000000100000000)
  eden space 54272K, 100% used [0x00000000f5580000,0x00000000f8a80000,0x00000000f8a80000)
  from space 1024K, 70% used [0x00000000f8b80000,0x00000000f8c35ba0,0x00000000f8c80000)
  to   space 512K, 0% used [0x00000000f8c80000,0x00000000f8c80000,0x00000000f8d00000)
 ParOldGen       total 130560K, used 124701K [0x00000000e0000000, 0x00000000e7f80000, 0x00000000f5580000)
  object space 130560K, 95% used [0x00000000e0000000,0x00000000e79c75c8,0x00000000e7f80000)
 Metaspace       used 91815K, capacity 99186K, committed 99480K, reserved 1136640K
  class space    used 10848K, capacity 13171K, committed 13232K, reserved 1048576K
Event: 3971.487 GC heap after
Heap after GC invocations=3800 (full 4):
 PSYoungGen      total 53760K, used 512K [0x00000000f5580000, 0x00000000f8d00000, 0x0000000100000000)
  eden space 53248K, 0% used [0x00000000f5580000,0x00000000f5580000,0x00000000f8980000)
  from space 512K, 100% used [0x00000000f8c80000,0x00000000f8d00000,0x00000000f8d00000)
  to   space 1024K, 0% used [0x00000000f8b00000,0x00000000f8b00000,0x00000000f8c00000)
 ParOldGen       total 130560K, used 124797K [0x00000000e0000000, 0x00000000e7f80000, 0x00000000f5580000)
  object space 130560K, 95% used [0x00000000e0000000,0x00000000e79df5e8,0x00000000e7f80000)
 Metaspace       used 91815K, capacity 99186K, committed 99480K, reserved 1136640K
  class space    used 10848K, capacity 13171K, committed 13232K, reserved 1048576K
}
Event: 3973.052 GC heap before
{Heap before GC invocations=3801 (full 4):
 PSYoungGen      total 53760K, used 53760K [0x00000000f5580000, 0x00000000f8d00000, 0x0000000100000000)
  eden space 53248K, 100% used [0x00000000f5580000,0x00000000f8980000,0x00000000f8980000)
  from space 512K, 100% used [0x00000000f8c80000,0x00000000f8d00000,0x00000000f8d00000)
  to   space 1024K, 0% used [0x00000000f8b00000,0x00000000f8b00000,0x00000000f8c00000)
 ParOldGen       total 130560K, used 124797K [0x00000000e0000000, 0x00000000e7f80000, 0x00000000f5580000)
  object space 130560K, 95% used [0x00000000e0000000,0x00000000e79df5e8,0x00000000e7f80000)
 Metaspace       used 91878K, capacity 99186K, committed 99480K, reserved 1136640K
  class space    used 10857K, capacity 13171K, committed 13232K, reserved 1048576K
Event: 3973.057 GC heap after
Heap after GC invocations=3801 (full 4):
 PSYoungGen      total 53248K, used 689K [0x00000000f5580000, 0x00000000f8d00000, 0x0000000100000000)
  eden space 52224K, 0% used [0x00000000f5580000,0x00000000f5580000,0x00000000f8880000)
  from space 1024K, 67% used [0x00000000f8b00000,0x00000000f8bac7d0,0x00000000f8c00000)
  to   space 1024K, 0% used [0x00000000f8c00000,0x00000000f8c00000,0x00000000f8d00000)
 ParOldGen       total 130560K, used 124797K [0x00000000e0000000, 0x00000000e7f80000, 0x00000000f5580000)
  object space 130560K, 95% used [0x00000000e0000000,0x00000000e79df5e8,0x00000000e7f80000)
 Metaspace       used 91878K, capacity 99186K, committed 99480K, reserved 1136640K
  class space    used 10857K, capacity 13171K, committed 13232K, reserved 1048576K
}

