# JRE version: Java(TM) SE Runtime Environment (8.0_66-b18) (build 1.8.0_66-b18)
# Java VM: Java HotSpot(TM) 64-Bit Server VM (25.66-b18 mixed mode windows-amd64 compressed oops)
Heap:
 PSYoungGen      total 28672K, used 22789K [0x00000000f5580000, 0x00000000f7f80000, 0x0000000100000000)
  eden space 27648K, 79% used [0x00000000f5580000,0x00000000f6b0cc98,0x00000000f7080000)
  from space 1024K, 70% used [0x00000000f7e80000,0x00000000f7f347d0,0x00000000f7f80000)
  to   space 1536K, 0% used [0x00000000f7c80000,0x00000000f7c80000,0x00000000f7e00000)
 ParOldGen       total 95744K, used 74449K [0x00000000e0000000, 0x00000000e5d80000, 0x00000000f5580000)
  object space 95744K, 77% used [0x00000000e0000000,0x00000000e48b44a0,0x00000000e5d80000)
 Metaspace       used 89795K, capacity 97320K, committed 97432K, reserved 1134592K
  class space    used 10635K, capacity 12952K, committed 12968K, reserved 1048576K
GC Heap History (10 events):
Event: 1269.968 GC heap before
{Heap before GC invocations=460 (full 6):
 PSYoungGen      total 28672K, used 28414K [0x00000000f5580000, 0x00000000f8080000, 0x0000000100000000)
  eden space 27648K, 100% used [0x00000000f5580000,0x00000000f7080000,0x00000000f7080000)
  from space 1024K, 74% used [0x00000000f7e80000,0x00000000f7f3fb38,0x00000000f7f80000)
  to   space 1024K, 0% used [0x00000000f7f80000,0x00000000f7f80000,0x00000000f8080000)
 ParOldGen       total 95744K, used 73906K [0x00000000e0000000, 0x00000000e5d80000, 0x00000000f5580000)
  object space 95744K, 77% used [0x00000000e0000000,0x00000000e482c870,0x00000000e5d80000)
 Metaspace       used 89392K, capacity 96900K, committed 97048K, reserved 1134592K
  class space    used 10595K, capacity 12792K, committed 12840K, reserved 1048576K
Event: 1269.976 GC heap after
Heap after GC invocations=460 (full 6):
 PSYoungGen      total 28672K, used 1024K [0x00000000f5580000, 0x00000000f8080000, 0x0000000100000000)
  eden space 27648K, 0% used [0x00000000f5580000,0x00000000f5580000,0x00000000f7080000)
  from space 1024K, 100% used [0x00000000f7f80000,0x00000000f8080000,0x00000000f8080000)
  to   space 1024K, 0% used [0x00000000f7e80000,0x00000000f7e80000,0x00000000f7f80000)
 ParOldGen       total 95744K, used 73986K [0x00000000e0000000, 0x00000000e5d80000, 0x00000000f5580000)
  object space 95744K, 77% used [0x00000000e0000000,0x00000000e4840870,0x00000000e5d80000)
 Metaspace       used 89392K, capacity 96900K, committed 97048K, reserved 1134592K
  class space    used 10595K, capacity 12792K, committed 12840K, reserved 1048576K
}
Event: 1271.446 GC heap before
{Heap before GC invocations=461 (full 6):
 PSYoungGen      total 28672K, used 28672K [0x00000000f5580000, 0x00000000f8080000, 0x0000000100000000)
  eden space 27648K, 100% used [0x00000000f5580000,0x00000000f7080000,0x00000000f7080000)
  from space 1024K, 100% used [0x00000000f7f80000,0x00000000f8080000,0x00000000f8080000)
  to   space 1024K, 0% used [0x00000000f7e80000,0x00000000f7e80000,0x00000000f7f80000)
 ParOldGen       total 95744K, used 73986K [0x00000000e0000000, 0x00000000e5d80000, 0x00000000f5580000)
  object space 95744K, 77% used [0x00000000e0000000,0x00000000e4840870,0x00000000e5d80000)
 Metaspace       used 89449K, capacity 96996K, committed 97304K, reserved 1134592K
  class space    used 10599K, capacity 12824K, committed 12840K, reserved 1048576K
Event: 1271.451 GC heap after
Heap after GC invocations=461 (full 6):
 PSYoungGen      total 28672K, used 896K [0x00000000f5580000, 0x00000000f8000000, 0x0000000100000000)
  eden space 27648K, 0% used [0x00000000f5580000,0x00000000f5580000,0x00000000f7080000)
  from space 1024K, 87% used [0x00000000f7e80000,0x00000000f7f60000,0x00000000f7f80000)
  to   space 512K, 0% used [0x00000000f7f80000,0x00000000f7f80000,0x00000000f8000000)
 ParOldGen       total 95744K, used 73994K [0x00000000e0000000, 0x00000000e5d80000, 0x00000000f5580000)
  object space 95744K, 77% used [0x00000000e0000000,0x00000000e4842870,0x00000000e5d80000)
 Metaspace       used 89449K, capacity 96996K, committed 97304K, reserved 1134592K
  class space    used 10599K, capacity 12824K, committed 12840K, reserved 1048576K
}
Event: 1272.231 GC heap before
{Heap before GC invocations=462 (full 6):
 PSYoungGen      total 28672K, used 28544K [0x00000000f5580000, 0x00000000f8000000, 0x0000000100000000)
  eden space 27648K, 100% used [0x00000000f5580000,0x00000000f7080000,0x00000000f7080000)
  from space 1024K, 87% used [0x00000000f7e80000,0x00000000f7f60000,0x00000000f7f80000)
  to   space 512K, 0% used [0x00000000f7f80000,0x00000000f7f80000,0x00000000f8000000)
 ParOldGen       total 95744K, used 73994K [0x00000000e0000000, 0x00000000e5d80000, 0x00000000f5580000)
  object space 95744K, 77% used [0x00000000e0000000,0x00000000e4842870,0x00000000e5d80000)
 Metaspace       used 89601K, capacity 97160K, committed 97432K, reserved 1134592K
  class space    used 10615K, capacity 12920K, committed 12968K, reserved 1048576K
Event: 1272.237 GC heap after
Heap after GC invocations=462 (full 6):
 PSYoungGen      total 28160K, used 512K [0x00000000f5580000, 0x00000000f8000000, 0x0000000100000000)
  eden space 27648K, 0% used [0x00000000f5580000,0x00000000f5580000,0x00000000f7080000)
  from space 512K, 100% used [0x00000000f7f80000,0x00000000f8000000,0x00000000f8000000)
  to   space 1536K, 0% used [0x00000000f7d00000,0x00000000f7d00000,0x00000000f7e80000)
 ParOldGen       total 95744K, used 74441K [0x00000000e0000000, 0x00000000e5d80000, 0x00000000f5580000)
  object space 95744K, 77% used [0x00000000e0000000,0x00000000e48b24a0,0x00000000e5d80000)
 Metaspace       used 89601K, capacity 97160K, committed 97432K, reserved 1134592K
  class space    used 10615K, capacity 12920K, committed 12968K, reserved 1048576K
}
Event: 1272.979 GC heap before
{Heap before GC invocations=463 (full 6):
 PSYoungGen      total 28160K, used 28160K [0x00000000f5580000, 0x00000000f8000000, 0x0000000100000000)
  eden space 27648K, 100% used [0x00000000f5580000,0x00000000f7080000,0x00000000f7080000)
  from space 512K, 100% used [0x00000000f7f80000,0x00000000f8000000,0x00000000f8000000)
  to   space 1536K, 0% used [0x00000000f7d00000,0x00000000f7d00000,0x00000000f7e80000)
 ParOldGen       total 95744K, used 74441K [0x00000000e0000000, 0x00000000e5d80000, 0x00000000f5580000)
  object space 95744K, 77% used [0x00000000e0000000,0x00000000e48b24a0,0x00000000e5d80000)
 Metaspace       used 89601K, capacity 97160K, committed 97432K, reserved 1134592K
  class space    used 10615K, capacity 12920K, committed 12968K, reserved 1048576K
Event: 1272.984 GC heap after
Heap after GC invocations=463 (full 6):
 PSYoungGen      total 29184K, used 608K [0x00000000f5580000, 0x00000000f8000000, 0x0000000100000000)
  eden space 27648K, 0% used [0x00000000f5580000,0x00000000f5580000,0x00000000f7080000)
  from space 1536K, 39% used [0x00000000f7d00000,0x00000000f7d98000,0x00000000f7e80000)
  to   space 1536K, 0% used [0x00000000f7e80000,0x00000000f7e80000,0x00000000f8000000)
 ParOldGen       total 95744K, used 74449K [0x00000000e0000000, 0x00000000e5d80000, 0x00000000f5580000)
  object space 95744K, 77% used [0x00000000e0000000,0x00000000e48b44a0,0x00000000e5d80000)
 Metaspace       used 89601K, capacity 97160K, committed 97432K, reserved 1134592K
  class space    used 10615K, capacity 12920K, committed 12968K, reserved 1048576K
}
Event: 1273.904 GC heap before
{Heap before GC invocations=464 (full 6):
 PSYoungGen      total 29184K, used 28256K [0x00000000f5580000, 0x00000000f8000000, 0x0000000100000000)
  eden space 27648K, 100% used [0x00000000f5580000,0x00000000f7080000,0x00000000f7080000)
  from space 1536K, 39% used [0x00000000f7d00000,0x00000000f7d98000,0x00000000f7e80000)
  to   space 1536K, 0% used [0x00000000f7e80000,0x00000000f7e80000,0x00000000f8000000)
 ParOldGen       total 95744K, used 74449K [0x00000000e0000000, 0x00000000e5d80000, 0x00000000f5580000)
  object space 95744K, 77% used [0x00000000e0000000,0x00000000e48b44a0,0x00000000e5d80000)
 Metaspace       used 89706K, capacity 97192K, committed 97432K, reserved 1134592K
  class space    used 10630K, capacity 12952K, committed 12968K, reserved 1048576K
Event: 1273.911 GC heap after
Heap after GC invocations=464 (full 6):
 PSYoungGen      total 28672K, used 721K [0x00000000f5580000, 0x00000000f7f80000, 0x0000000100000000)
  eden space 27648K, 0% used [0x00000000f5580000,0x00000000f5580000,0x00000000f7080000)
  from space 1024K, 70% used [0x00000000f7e80000,0x00000000f7f347d0,0x00000000f7f80000)
  to   space 1536K, 0% used [0x00000000f7c80000,0x00000000f7c80000,0x00000000f7e00000)
 ParOldGen       total 95744K, used 74449K [0x00000000e0000000, 0x00000000e5d80000, 0x00000000f5580000)
  object space 95744K, 77% used [0x00000000e0000000,0x00000000e48b44a0,0x00000000e5d80000)
 Metaspace       used 89706K, capacity 97192K, committed 97432K, reserved 1134592K
  class space    used 10630K, capacity 12952K, committed 12968K, reserved 1048576K
}

