# JRE version: Java(TM) SE Runtime Environment (8.0_66-b18) (build 1.8.0_66-b18)
# Java VM: Java HotSpot(TM) 64-Bit Server VM (25.66-b18 mixed mode windows-amd64 compressed oops)
Heap:
 PSYoungGen      total 172544K, used 65282K [0x00000000f5580000, 0x0000000100000000, 0x0000000100000000)
  eden space 171520K, 37% used [0x00000000f5580000,0x00000000f9440908,0x00000000ffd00000)
  from space 1024K, 100% used [0x00000000fff00000,0x0000000100000000,0x0000000100000000)
  to   space 1536K, 0% used [0x00000000ffd00000,0x00000000ffd00000,0x00000000ffe80000)
 ParOldGen       total 101888K, used 62473K [0x00000000e0000000, 0x00000000e6380000, 0x00000000f5580000)
  object space 101888K, 61% used [0x00000000e0000000,0x00000000e3d02568,0x00000000e6380000)
 Metaspace       used 89079K, capacity 96348K, committed 96560K, reserved 1132544K
  class space    used 10516K, capacity 12776K, committed 12848K, reserved 1048576K
GC Heap History (10 events):
Event: 6232.666 GC heap before
{Heap before GC invocations=5908 (full 6):
 PSYoungGen      total 173568K, used 172736K [0x00000000f5580000, 0x0000000100000000, 0x0000000100000000)
  eden space 172544K, 100% used [0x00000000f5580000,0x00000000ffe00000,0x00000000ffe00000)
  from space 1024K, 18% used [0x00000000ffe00000,0x00000000ffe30000,0x00000000fff00000)
  to   space 1024K, 0% used [0x00000000fff00000,0x00000000fff00000,0x0000000100000000)
 ParOldGen       total 101888K, used 61435K [0x00000000e0000000, 0x00000000e6380000, 0x00000000f5580000)
  object space 101888K, 60% used [0x00000000e0000000,0x00000000e3bfede0,0x00000000e6380000)
 Metaspace       used 88283K, capacity 95410K, committed 95664K, reserved 1132544K
  class space    used 10426K, capacity 12615K, committed 12720K, reserved 1048576K
Event: 6232.669 GC heap after
Heap after GC invocations=5908 (full 6):
 PSYoungGen      total 173568K, used 256K [0x00000000f5580000, 0x0000000100000000, 0x0000000100000000)
  eden space 172544K, 0% used [0x00000000f5580000,0x00000000f5580000,0x00000000ffe00000)
  from space 1024K, 25% used [0x00000000fff00000,0x00000000fff40000,0x0000000100000000)
  to   space 1024K, 0% used [0x00000000ffe00000,0x00000000ffe00000,0x00000000fff00000)
 ParOldGen       total 101888K, used 61435K [0x00000000e0000000, 0x00000000e6380000, 0x00000000f5580000)
  object space 101888K, 60% used [0x00000000e0000000,0x00000000e3bfede0,0x00000000e6380000)
 Metaspace       used 88283K, capacity 95410K, committed 95664K, reserved 1132544K
  class space    used 10426K, capacity 12615K, committed 12720K, reserved 1048576K
}
Event: 6236.266 GC heap before
{Heap before GC invocations=5909 (full 6):
 PSYoungGen      total 173568K, used 172800K [0x00000000f5580000, 0x0000000100000000, 0x0000000100000000)
  eden space 172544K, 100% used [0x00000000f5580000,0x00000000ffe00000,0x00000000ffe00000)
  from space 1024K, 25% used [0x00000000fff00000,0x00000000fff40000,0x0000000100000000)
  to   space 1024K, 0% used [0x00000000ffe00000,0x00000000ffe00000,0x00000000fff00000)
 ParOldGen       total 101888K, used 61435K [0x00000000e0000000, 0x00000000e6380000, 0x00000000f5580000)
  object space 101888K, 60% used [0x00000000e0000000,0x00000000e3bfede0,0x00000000e6380000)
 Metaspace       used 88283K, capacity 95410K, committed 95664K, reserved 1132544K
  class space    used 10426K, capacity 12615K, committed 12720K, reserved 1048576K
Event: 6236.269 GC heap after
Heap after GC invocations=5909 (full 6):
 PSYoungGen      total 173568K, used 224K [0x00000000f5580000, 0x0000000100000000, 0x0000000100000000)
  eden space 172544K, 0% used [0x00000000f5580000,0x00000000f5580000,0x00000000ffe00000)
  from space 1024K, 21% used [0x00000000ffe00000,0x00000000ffe38000,0x00000000fff00000)
  to   space 1024K, 0% used [0x00000000fff00000,0x00000000fff00000,0x0000000100000000)
 ParOldGen       total 101888K, used 61435K [0x00000000e0000000, 0x00000000e6380000, 0x00000000f5580000)
  object space 101888K, 60% used [0x00000000e0000000,0x00000000e3bfede0,0x00000000e6380000)
 Metaspace       used 88283K, capacity 95410K, committed 95664K, reserved 1132544K
  class space    used 10426K, capacity 12615K, committed 12720K, reserved 1048576K
}
Event: 6240.162 GC heap before
{Heap before GC invocations=5910 (full 6):
 PSYoungGen      total 173568K, used 172768K [0x00000000f5580000, 0x0000000100000000, 0x0000000100000000)
  eden space 172544K, 100% used [0x00000000f5580000,0x00000000ffe00000,0x00000000ffe00000)
  from space 1024K, 21% used [0x00000000ffe00000,0x00000000ffe38000,0x00000000fff00000)
  to   space 1024K, 0% used [0x00000000fff00000,0x00000000fff00000,0x0000000100000000)
 ParOldGen       total 101888K, used 61435K [0x00000000e0000000, 0x00000000e6380000, 0x00000000f5580000)
  object space 101888K, 60% used [0x00000000e0000000,0x00000000e3bfede0,0x00000000e6380000)
 Metaspace       used 88283K, capacity 95410K, committed 95664K, reserved 1132544K
  class space    used 10426K, capacity 12615K, committed 12720K, reserved 1048576K
Event: 6240.165 GC heap after
Heap after GC invocations=5910 (full 6):
 PSYoungGen      total 173568K, used 160K [0x00000000f5580000, 0x0000000100000000, 0x0000000100000000)
  eden space 172544K, 0% used [0x00000000f5580000,0x00000000f5580000,0x00000000ffe00000)
  from space 1024K, 15% used [0x00000000fff00000,0x00000000fff28000,0x0000000100000000)
  to   space 1024K, 0% used [0x00000000ffe00000,0x00000000ffe00000,0x00000000fff00000)
 ParOldGen       total 101888K, used 61435K [0x00000000e0000000, 0x00000000e6380000, 0x00000000f5580000)
  object space 101888K, 60% used [0x00000000e0000000,0x00000000e3bfede0,0x00000000e6380000)
 Metaspace       used 88283K, capacity 95410K, committed 95664K, reserved 1132544K
  class space    used 10426K, capacity 12615K, committed 12720K, reserved 1048576K
}
Event: 6244.939 GC heap before
{Heap before GC invocations=5911 (full 6):
 PSYoungGen      total 173568K, used 172647K [0x00000000f5580000, 0x0000000100000000, 0x0000000100000000)
  eden space 172544K, 99% used [0x00000000f5580000,0x00000000ffdf1de8,0x00000000ffe00000)
  from space 1024K, 15% used [0x00000000fff00000,0x00000000fff28000,0x0000000100000000)
  to   space 1024K, 0% used [0x00000000ffe00000,0x00000000ffe00000,0x00000000fff00000)
 ParOldGen       total 101888K, used 61435K [0x00000000e0000000, 0x00000000e6380000, 0x00000000f5580000)
  object space 101888K, 60% used [0x00000000e0000000,0x00000000e3bfede0,0x00000000e6380000)
 Metaspace       used 88729K, capacity 95992K, committed 96176K, reserved 1132544K
  class space    used 10477K, capacity 12680K, committed 12720K, reserved 1048576K
Event: 6244.948 GC heap after
Heap after GC invocations=5911 (full 6):
 PSYoungGen      total 173568K, used 1023K [0x00000000f5580000, 0x0000000100000000, 0x0000000100000000)
  eden space 172544K, 0% used [0x00000000f5580000,0x00000000f5580000,0x00000000ffe00000)
  from space 1024K, 99% used [0x00000000ffe00000,0x00000000ffeffc10,0x00000000fff00000)
  to   space 1024K, 0% used [0x00000000fff00000,0x00000000fff00000,0x0000000100000000)
 ParOldGen       total 101888K, used 61992K [0x00000000e0000000, 0x00000000e6380000, 0x00000000f5580000)
  object space 101888K, 60% used [0x00000000e0000000,0x00000000e3c8a178,0x00000000e6380000)
 Metaspace       used 88729K, capacity 95992K, committed 96176K, reserved 1132544K
  class space    used 10477K, capacity 12680K, committed 12720K, reserved 1048576K
}
Event: 6248.696 GC heap before
{Heap before GC invocations=5912 (full 6):
 PSYoungGen      total 173568K, used 173567K [0x00000000f5580000, 0x0000000100000000, 0x0000000100000000)
  eden space 172544K, 100% used [0x00000000f5580000,0x00000000ffe00000,0x00000000ffe00000)
  from space 1024K, 99% used [0x00000000ffe00000,0x00000000ffeffc10,0x00000000fff00000)
  to   space 1024K, 0% used [0x00000000fff00000,0x00000000fff00000,0x0000000100000000)
 ParOldGen       total 101888K, used 61992K [0x00000000e0000000, 0x00000000e6380000, 0x00000000f5580000)
  object space 101888K, 60% used [0x00000000e0000000,0x00000000e3c8a178,0x00000000e6380000)
 Metaspace       used 88892K, capacity 96156K, committed 96304K, reserved 1132544K
  class space    used 10496K, capacity 12776K, committed 12848K, reserved 1048576K
Event: 6248.701 GC heap after
Heap after GC invocations=5912 (full 6):
 PSYoungGen      total 172544K, used 1024K [0x00000000f5580000, 0x0000000100000000, 0x0000000100000000)
  eden space 171520K, 0% used [0x00000000f5580000,0x00000000f5580000,0x00000000ffd00000)
  from space 1024K, 100% used [0x00000000fff00000,0x0000000100000000,0x0000000100000000)
  to   space 1536K, 0% used [0x00000000ffd00000,0x00000000ffd00000,0x00000000ffe80000)
 ParOldGen       total 101888K, used 62473K [0x00000000e0000000, 0x00000000e6380000, 0x00000000f5580000)
  object space 101888K, 61% used [0x00000000e0000000,0x00000000e3d02568,0x00000000e6380000)
 Metaspace       used 88892K, capacity 96156K, committed 96304K, reserved 1132544K
  class space    used 10496K, capacity 12776K, committed 12848K, reserved 1048576K
}

