# JRE version: Java(TM) SE Runtime Environment (8.0_66-b18) (build 1.8.0_66-b18)
# Java VM: Java HotSpot(TM) 64-Bit Server VM (25.66-b18 mixed mode windows-amd64 compressed oops)
Heap:
 PSYoungGen      total 29184K, used 9904K [0x00000000f5580000, 0x00000000f7400000, 0x0000000100000000)
  eden space 27136K, 32% used [0x00000000f5580000,0x00000000f5dfc2c8,0x00000000f7000000)
  from space 2048K, 59% used [0x00000000f7200000,0x00000000f7330000,0x00000000f7400000)
  to   space 2048K, 0% used [0x00000000f7000000,0x00000000f7000000,0x00000000f7200000)
 ParOldGen       total 108032K, used 102781K [0x00000000e0000000, 0x00000000e6980000, 0x00000000f5580000)
  object space 108032K, 95% used [0x00000000e0000000,0x00000000e645f710,0x00000000e6980000)
 Metaspace       used 91415K, capacity 98800K, committed 99120K, reserved 1134592K
  class space    used 10741K, capacity 13029K, committed 13104K, reserved 1048576K
GC Heap History (10 events):
Event: 6772.320 GC heap before
{Heap before GC invocations=6115 (full 7):
 PSYoungGen      total 28672K, used 28672K [0x00000000f5580000, 0x00000000f7280000, 0x0000000100000000)
  eden space 27648K, 100% used [0x00000000f5580000,0x00000000f7080000,0x00000000f7080000)
  from space 1024K, 100% used [0x00000000f7080000,0x00000000f7180000,0x00000000f7180000)
  to   space 1024K, 0% used [0x00000000f7180000,0x00000000f7180000,0x00000000f7280000)
 ParOldGen       total 108032K, used 102521K [0x00000000e0000000, 0x00000000e6980000, 0x00000000f5580000)
  object space 108032K, 94% used [0x00000000e0000000,0x00000000e641e6e0,0x00000000e6980000)
 Metaspace       used 91139K, capacity 98576K, committed 98864K, reserved 1134592K
  class space    used 10711K, capacity 12997K, committed 13104K, reserved 1048576K
Event: 6772.325 GC heap after
Heap after GC invocations=6115 (full 7):
 PSYoungGen      total 28160K, used 1024K [0x00000000f5580000, 0x00000000f7380000, 0x0000000100000000)
  eden space 27136K, 0% used [0x00000000f5580000,0x00000000f5580000,0x00000000f7000000)
  from space 1024K, 100% used [0x00000000f7180000,0x00000000f7280000,0x00000000f7280000)
  to   space 1536K, 0% used [0x00000000f7000000,0x00000000f7000000,0x00000000f7180000)
 ParOldGen       total 108032K, used 102765K [0x00000000e0000000, 0x00000000e6980000, 0x00000000f5580000)
  object space 108032K, 95% used [0x00000000e0000000,0x00000000e645b710,0x00000000e6980000)
 Metaspace       used 91139K, capacity 98576K, committed 98864K, reserved 1134592K
  class space    used 10711K, capacity 12997K, committed 13104K, reserved 1048576K
}
Event: 6772.937 GC heap before
{Heap before GC invocations=6116 (full 7):
 PSYoungGen      total 28160K, used 28160K [0x00000000f5580000, 0x00000000f7380000, 0x0000000100000000)
  eden space 27136K, 100% used [0x00000000f5580000,0x00000000f7000000,0x00000000f7000000)
  from space 1024K, 100% used [0x00000000f7180000,0x00000000f7280000,0x00000000f7280000)
  to   space 1536K, 0% used [0x00000000f7000000,0x00000000f7000000,0x00000000f7180000)
 ParOldGen       total 108032K, used 102765K [0x00000000e0000000, 0x00000000e6980000, 0x00000000f5580000)
  object space 108032K, 95% used [0x00000000e0000000,0x00000000e645b710,0x00000000e6980000)
 Metaspace       used 91227K, capacity 98640K, committed 98864K, reserved 1134592K
  class space    used 10719K, capacity 12997K, committed 13104K, reserved 1048576K
Event: 6772.943 GC heap after
Heap after GC invocations=6116 (full 7):
 PSYoungGen      total 28672K, used 1158K [0x00000000f5580000, 0x00000000f7300000, 0x0000000100000000)
  eden space 27136K, 0% used [0x00000000f5580000,0x00000000f5580000,0x00000000f7000000)
  from space 1536K, 75% used [0x00000000f7000000,0x00000000f7121bb0,0x00000000f7180000)
  to   space 1536K, 0% used [0x00000000f7180000,0x00000000f7180000,0x00000000f7300000)
 ParOldGen       total 108032K, used 102773K [0x00000000e0000000, 0x00000000e6980000, 0x00000000f5580000)
  object space 108032K, 95% used [0x00000000e0000000,0x00000000e645d710,0x00000000e6980000)
 Metaspace       used 91227K, capacity 98640K, committed 98864K, reserved 1134592K
  class space    used 10719K, capacity 12997K, committed 13104K, reserved 1048576K
}
Event: 6773.533 GC heap before
{Heap before GC invocations=6117 (full 7):
 PSYoungGen      total 28672K, used 28294K [0x00000000f5580000, 0x00000000f7300000, 0x0000000100000000)
  eden space 27136K, 100% used [0x00000000f5580000,0x00000000f7000000,0x00000000f7000000)
  from space 1536K, 75% used [0x00000000f7000000,0x00000000f7121bb0,0x00000000f7180000)
  to   space 1536K, 0% used [0x00000000f7180000,0x00000000f7180000,0x00000000f7300000)
 ParOldGen       total 108032K, used 102773K [0x00000000e0000000, 0x00000000e6980000, 0x00000000f5580000)
  object space 108032K, 95% used [0x00000000e0000000,0x00000000e645d710,0x00000000e6980000)
 Metaspace       used 91227K, capacity 98640K, committed 98864K, reserved 1134592K
  class space    used 10719K, capacity 12997K, committed 13104K, reserved 1048576K
Event: 6773.538 GC heap after
Heap after GC invocations=6117 (full 7):
 PSYoungGen      total 28672K, used 1104K [0x00000000f5580000, 0x00000000f7300000, 0x0000000100000000)
  eden space 27136K, 0% used [0x00000000f5580000,0x00000000f5580000,0x00000000f7000000)
  from space 1536K, 71% used [0x00000000f7180000,0x00000000f7294010,0x00000000f7300000)
  to   space 1536K, 0% used [0x00000000f7000000,0x00000000f7000000,0x00000000f7180000)
 ParOldGen       total 108032K, used 102773K [0x00000000e0000000, 0x00000000e6980000, 0x00000000f5580000)
  object space 108032K, 95% used [0x00000000e0000000,0x00000000e645d710,0x00000000e6980000)
 Metaspace       used 91227K, capacity 98640K, committed 98864K, reserved 1134592K
  class space    used 10719K, capacity 12997K, committed 13104K, reserved 1048576K
}
Event: 6774.131 GC heap before
{Heap before GC invocations=6118 (full 7):
 PSYoungGen      total 28672K, used 28240K [0x00000000f5580000, 0x00000000f7300000, 0x0000000100000000)
  eden space 27136K, 100% used [0x00000000f5580000,0x00000000f7000000,0x00000000f7000000)
  from space 1536K, 71% used [0x00000000f7180000,0x00000000f7294010,0x00000000f7300000)
  to   space 1536K, 0% used [0x00000000f7000000,0x00000000f7000000,0x00000000f7180000)
 ParOldGen       total 108032K, used 102773K [0x00000000e0000000, 0x00000000e6980000, 0x00000000f5580000)
  object space 108032K, 95% used [0x00000000e0000000,0x00000000e645d710,0x00000000e6980000)
 Metaspace       used 91318K, capacity 98736K, committed 98864K, reserved 1134592K
  class space    used 10733K, capacity 13029K, committed 13104K, reserved 1048576K
Event: 6774.135 GC heap after
Heap after GC invocations=6118 (full 7):
 PSYoungGen      total 28672K, used 1265K [0x00000000f5580000, 0x00000000f7400000, 0x0000000100000000)
  eden space 27136K, 0% used [0x00000000f5580000,0x00000000f5580000,0x00000000f7000000)
  from space 1536K, 82% used [0x00000000f7000000,0x00000000f713c7f0,0x00000000f7180000)
  to   space 2048K, 0% used [0x00000000f7200000,0x00000000f7200000,0x00000000f7400000)
 ParOldGen       total 108032K, used 102773K [0x00000000e0000000, 0x00000000e6980000, 0x00000000f5580000)
  object space 108032K, 95% used [0x00000000e0000000,0x00000000e645d710,0x00000000e6980000)
 Metaspace       used 91318K, capacity 98736K, committed 98864K, reserved 1134592K
  class space    used 10733K, capacity 13029K, committed 13104K, reserved 1048576K
}
Event: 6774.924 GC heap before
{Heap before GC invocations=6119 (full 7):
 PSYoungGen      total 28672K, used 28401K [0x00000000f5580000, 0x00000000f7400000, 0x0000000100000000)
  eden space 27136K, 100% used [0x00000000f5580000,0x00000000f7000000,0x00000000f7000000)
  from space 1536K, 82% used [0x00000000f7000000,0x00000000f713c7f0,0x00000000f7180000)
  to   space 2048K, 0% used [0x00000000f7200000,0x00000000f7200000,0x00000000f7400000)
 ParOldGen       total 108032K, used 102773K [0x00000000e0000000, 0x00000000e6980000, 0x00000000f5580000)
  object space 108032K, 95% used [0x00000000e0000000,0x00000000e645d710,0x00000000e6980000)
 Metaspace       used 91375K, capacity 98736K, committed 98864K, reserved 1134592K
  class space    used 10738K, capacity 13029K, committed 13104K, reserved 1048576K
Event: 6774.930 GC heap after
Heap after GC invocations=6119 (full 7):
 PSYoungGen      total 29184K, used 1216K [0x00000000f5580000, 0x00000000f7400000, 0x0000000100000000)
  eden space 27136K, 0% used [0x00000000f5580000,0x00000000f5580000,0x00000000f7000000)
  from space 2048K, 59% used [0x00000000f7200000,0x00000000f7330000,0x00000000f7400000)
  to   space 2048K, 0% used [0x00000000f7000000,0x00000000f7000000,0x00000000f7200000)
 ParOldGen       total 108032K, used 102781K [0x00000000e0000000, 0x00000000e6980000, 0x00000000f5580000)
  object space 108032K, 95% used [0x00000000e0000000,0x00000000e645f710,0x00000000e6980000)
 Metaspace       used 91375K, capacity 98736K, committed 98864K, reserved 1134592K
  class space    used 10738K, capacity 13029K, committed 13104K, reserved 1048576K
}

