# JRE version: Java(TM) SE Runtime Environment (8.0_66-b18) (build 1.8.0_66-b18)
# Java VM: Java HotSpot(TM) 64-Bit Server VM (25.66-b18 mixed mode windows-amd64 compressed oops)
Heap:
 PSYoungGen      total 168960K, used 147546K [0x00000000f5580000, 0x0000000100000000, 0x0000000100000000)
  eden space 163328K, 88% used [0x00000000f5580000,0x00000000fe239658,0x00000000ff500000)
  from space 5632K, 61% used [0x00000000ffa80000,0x00000000ffddd378,0x0000000100000000)
  to   space 5632K, 0% used [0x00000000ff500000,0x00000000ff500000,0x00000000ffa80000)
 ParOldGen       total 145408K, used 83507K [0x00000000e0000000, 0x00000000e8e00000, 0x00000000f5580000)
  object space 145408K, 57% used [0x00000000e0000000,0x00000000e518ce88,0x00000000e8e00000)
 Metaspace       used 95008K, capacity 102358K, committed 102656K, reserved 1138688K
  class space    used 11020K, capacity 13289K, committed 13312K, reserved 1048576K
GC Heap History (10 events):
Event: 2104.912 GC heap before
{Heap before GC invocations=312 (full 4):
 PSYoungGen      total 169984K, used 168558K [0x00000000f5580000, 0x0000000100000000, 0x0000000100000000)
  eden space 165376K, 100% used [0x00000000f5580000,0x00000000ff700000,0x00000000ff700000)
  from space 4608K, 69% used [0x00000000ff700000,0x00000000ffa1bae0,0x00000000ffb80000)
  to   space 4608K, 0% used [0x00000000ffb80000,0x00000000ffb80000,0x0000000100000000)
 ParOldGen       total 145408K, used 83475K [0x00000000e0000000, 0x00000000e8e00000, 0x00000000f5580000)
  object space 145408K, 57% used [0x00000000e0000000,0x00000000e5184e88,0x00000000e8e00000)
 Metaspace       used 94384K, capacity 101594K, committed 101888K, reserved 1138688K
  class space    used 10954K, capacity 13189K, committed 13312K, reserved 1048576K
Event: 2104.917 GC heap after
Heap after GC invocations=312 (full 4):
 PSYoungGen      total 168960K, used 3135K [0x00000000f5580000, 0x0000000100000000, 0x0000000100000000)
  eden space 164352K, 0% used [0x00000000f5580000,0x00000000f5580000,0x00000000ff600000)
  from space 4608K, 68% used [0x00000000ffb80000,0x00000000ffe8fd00,0x0000000100000000)
  to   space 5120K, 0% used [0x00000000ff600000,0x00000000ff600000,0x00000000ffb00000)
 ParOldGen       total 145408K, used 83475K [0x00000000e0000000, 0x00000000e8e00000, 0x00000000f5580000)
  object space 145408K, 57% used [0x00000000e0000000,0x00000000e5184e88,0x00000000e8e00000)
 Metaspace       used 94384K, capacity 101594K, committed 101888K, reserved 1138688K
  class space    used 10954K, capacity 13189K, committed 13312K, reserved 1048576K
}
Event: 2108.724 GC heap before
{Heap before GC invocations=313 (full 4):
 PSYoungGen      total 168960K, used 167487K [0x00000000f5580000, 0x0000000100000000, 0x0000000100000000)
  eden space 164352K, 100% used [0x00000000f5580000,0x00000000ff600000,0x00000000ff600000)
  from space 4608K, 68% used [0x00000000ffb80000,0x00000000ffe8fd00,0x0000000100000000)
  to   space 5120K, 0% used [0x00000000ff600000,0x00000000ff600000,0x00000000ffb00000)
 ParOldGen       total 145408K, used 83475K [0x00000000e0000000, 0x00000000e8e00000, 0x00000000f5580000)
  object space 145408K, 57% used [0x00000000e0000000,0x00000000e5184e88,0x00000000e8e00000)
 Metaspace       used 94390K, capacity 101594K, committed 101888K, reserved 1138688K
  class space    used 10954K, capacity 13189K, committed 13312K, reserved 1048576K
Event: 2108.729 GC heap after
Heap after GC invocations=313 (full 4):
 PSYoungGen      total 169472K, used 3567K [0x00000000f5580000, 0x0000000100000000, 0x0000000100000000)
  eden space 164352K, 0% used [0x00000000f5580000,0x00000000f5580000,0x00000000ff600000)
  from space 5120K, 69% used [0x00000000ff600000,0x00000000ff97bd10,0x00000000ffb00000)
  to   space 5120K, 0% used [0x00000000ffb00000,0x00000000ffb00000,0x0000000100000000)
 ParOldGen       total 145408K, used 83491K [0x00000000e0000000, 0x00000000e8e00000, 0x00000000f5580000)
  object space 145408K, 57% used [0x00000000e0000000,0x00000000e5188e88,0x00000000e8e00000)
 Metaspace       used 94390K, capacity 101594K, committed 101888K, reserved 1138688K
  class space    used 10954K, capacity 13189K, committed 13312K, reserved 1048576K
}
Event: 2112.711 GC heap before
{Heap before GC invocations=314 (full 4):
 PSYoungGen      total 169472K, used 167919K [0x00000000f5580000, 0x0000000100000000, 0x0000000100000000)
  eden space 164352K, 100% used [0x00000000f5580000,0x00000000ff600000,0x00000000ff600000)
  from space 5120K, 69% used [0x00000000ff600000,0x00000000ff97bd10,0x00000000ffb00000)
  to   space 5120K, 0% used [0x00000000ffb00000,0x00000000ffb00000,0x0000000100000000)
 ParOldGen       total 145408K, used 83491K [0x00000000e0000000, 0x00000000e8e00000, 0x00000000f5580000)
  object space 145408K, 57% used [0x00000000e0000000,0x00000000e5188e88,0x00000000e8e00000)
 Metaspace       used 94390K, capacity 101594K, committed 101888K, reserved 1138688K
  class space    used 10954K, capacity 13189K, committed 13312K, reserved 1048576K
Event: 2112.715 GC heap after
Heap after GC invocations=314 (full 4):
 PSYoungGen      total 169472K, used 3391K [0x00000000f5580000, 0x0000000100000000, 0x0000000100000000)
  eden space 164352K, 0% used [0x00000000f5580000,0x00000000f5580000,0x00000000ff600000)
  from space 5120K, 66% used [0x00000000ffb00000,0x00000000ffe4fd00,0x0000000100000000)
  to   space 5120K, 0% used [0x00000000ff600000,0x00000000ff600000,0x00000000ffb00000)
 ParOldGen       total 145408K, used 83491K [0x00000000e0000000, 0x00000000e8e00000, 0x00000000f5580000)
  object space 145408K, 57% used [0x00000000e0000000,0x00000000e5188e88,0x00000000e8e00000)
 Metaspace       used 94390K, capacity 101594K, committed 101888K, reserved 1138688K
  class space    used 10954K, capacity 13189K, committed 13312K, reserved 1048576K
}
Event: 2116.711 GC heap before
{Heap before GC invocations=315 (full 4):
 PSYoungGen      total 169472K, used 167743K [0x00000000f5580000, 0x0000000100000000, 0x0000000100000000)
  eden space 164352K, 100% used [0x00000000f5580000,0x00000000ff600000,0x00000000ff600000)
  from space 5120K, 66% used [0x00000000ffb00000,0x00000000ffe4fd00,0x0000000100000000)
  to   space 5120K, 0% used [0x00000000ff600000,0x00000000ff600000,0x00000000ffb00000)
 ParOldGen       total 145408K, used 83491K [0x00000000e0000000, 0x00000000e8e00000, 0x00000000f5580000)
  object space 145408K, 57% used [0x00000000e0000000,0x00000000e5188e88,0x00000000e8e00000)
 Metaspace       used 94390K, capacity 101594K, committed 101888K, reserved 1138688K
  class space    used 10954K, capacity 13189K, committed 13312K, reserved 1048576K
Event: 2116.715 GC heap after
Heap after GC invocations=315 (full 4):
 PSYoungGen      total 167936K, used 3391K [0x00000000f5580000, 0x0000000100000000, 0x0000000100000000)
  eden space 164352K, 0% used [0x00000000f5580000,0x00000000f5580000,0x00000000ff600000)
  from space 3584K, 94% used [0x00000000ff600000,0x00000000ff94fd00,0x00000000ff980000)
  to   space 5632K, 0% used [0x00000000ffa80000,0x00000000ffa80000,0x0000000100000000)
 ParOldGen       total 145408K, used 83491K [0x00000000e0000000, 0x00000000e8e00000, 0x00000000f5580000)
  object space 145408K, 57% used [0x00000000e0000000,0x00000000e5188e88,0x00000000e8e00000)
 Metaspace       used 94390K, capacity 101594K, committed 101888K, reserved 1138688K
  class space    used 10954K, capacity 13189K, committed 13312K, reserved 1048576K
}
Event: 2120.696 GC heap before
{Heap before GC invocations=316 (full 4):
 PSYoungGen      total 167936K, used 167743K [0x00000000f5580000, 0x0000000100000000, 0x0000000100000000)
  eden space 164352K, 100% used [0x00000000f5580000,0x00000000ff600000,0x00000000ff600000)
  from space 3584K, 94% used [0x00000000ff600000,0x00000000ff94fd00,0x00000000ff980000)
  to   space 5632K, 0% used [0x00000000ffa80000,0x00000000ffa80000,0x0000000100000000)
 ParOldGen       total 145408K, used 83491K [0x00000000e0000000, 0x00000000e8e00000, 0x00000000f5580000)
  object space 145408K, 57% used [0x00000000e0000000,0x00000000e5188e88,0x00000000e8e00000)
 Metaspace       used 94397K, capacity 101594K, committed 101888K, reserved 1138688K
  class space    used 10956K, capacity 13189K, committed 13312K, reserved 1048576K
Event: 2120.701 GC heap after
Heap after GC invocations=316 (full 4):
 PSYoungGen      total 168960K, used 3444K [0x00000000f5580000, 0x0000000100000000, 0x0000000100000000)
  eden space 163328K, 0% used [0x00000000f5580000,0x00000000f5580000,0x00000000ff500000)
  from space 5632K, 61% used [0x00000000ffa80000,0x00000000ffddd378,0x0000000100000000)
  to   space 5632K, 0% used [0x00000000ff500000,0x00000000ff500000,0x00000000ffa80000)
 ParOldGen       total 145408K, used 83507K [0x00000000e0000000, 0x00000000e8e00000, 0x00000000f5580000)
  object space 145408K, 57% used [0x00000000e0000000,0x00000000e518ce88,0x00000000e8e00000)
 Metaspace       used 94397K, capacity 101594K, committed 101888K, reserved 1138688K
  class space    used 10956K, capacity 13189K, committed 13312K, reserved 1048576K
}

