# JRE version: Java(TM) SE Runtime Environment (8.0_66-b18) (build 1.8.0_66-b18)
# Java VM: Java HotSpot(TM) 64-Bit Server VM (25.66-b18 mixed mode windows-amd64 compressed oops)
Heap:
 PSYoungGen      total 172032K, used 47519K [0x00000000f5580000, 0x0000000100000000, 0x0000000100000000)
  eden space 170496K, 27% used [0x00000000f5580000,0x00000000f829f430,0x00000000ffc00000)
  from space 1536K, 85% used [0x00000000ffe80000,0x00000000fffc87e0,0x0000000100000000)
  to   space 2048K, 0% used [0x00000000ffc00000,0x00000000ffc00000,0x00000000ffe00000)
 ParOldGen       total 123904K, used 61246K [0x00000000e0000000, 0x00000000e7900000, 0x00000000f5580000)
  object space 123904K, 49% used [0x00000000e0000000,0x00000000e3bcfbf0,0x00000000e7900000)
 Metaspace       used 94147K, capacity 101616K, committed 101936K, reserved 1138688K
  class space    used 10975K, capacity 13262K, committed 13360K, reserved 1048576K
GC Heap History (10 events):
Event: 5680.455 GC heap before
{Heap before GC invocations=3701 (full 13):
 PSYoungGen      total 173568K, used 172736K [0x00000000f5580000, 0x0000000100000000, 0x0000000100000000)
  eden space 172544K, 100% used [0x00000000f5580000,0x00000000ffe00000,0x00000000ffe00000)
  from space 1024K, 18% used [0x00000000ffe00000,0x00000000ffe30000,0x00000000fff00000)
  to   space 1024K, 0% used [0x00000000fff00000,0x00000000fff00000,0x0000000100000000)
 ParOldGen       total 123904K, used 60722K [0x00000000e0000000, 0x00000000e7900000, 0x00000000f5580000)
  object space 123904K, 49% used [0x00000000e0000000,0x00000000e3b4ca68,0x00000000e7900000)
 Metaspace       used 93671K, capacity 101216K, committed 101552K, reserved 1138688K
  class space    used 10926K, capacity 13132K, committed 13232K, reserved 1048576K
Event: 5680.460 GC heap after
Heap after GC invocations=3701 (full 13):
 PSYoungGen      total 173568K, used 576K [0x00000000f5580000, 0x0000000100000000, 0x0000000100000000)
  eden space 172544K, 0% used [0x00000000f5580000,0x00000000f5580000,0x00000000ffe00000)
  from space 1024K, 56% used [0x00000000fff00000,0x00000000fff90000,0x0000000100000000)
  to   space 1024K, 0% used [0x00000000ffe00000,0x00000000ffe00000,0x00000000fff00000)
 ParOldGen       total 123904K, used 60730K [0x00000000e0000000, 0x00000000e7900000, 0x00000000f5580000)
  object space 123904K, 49% used [0x00000000e0000000,0x00000000e3b4ea68,0x00000000e7900000)
 Metaspace       used 93671K, capacity 101216K, committed 101552K, reserved 1138688K
  class space    used 10926K, capacity 13132K, committed 13232K, reserved 1048576K
}
Event: 5684.848 GC heap before
{Heap before GC invocations=3702 (full 13):
 PSYoungGen      total 173568K, used 173120K [0x00000000f5580000, 0x0000000100000000, 0x0000000100000000)
  eden space 172544K, 100% used [0x00000000f5580000,0x00000000ffe00000,0x00000000ffe00000)
  from space 1024K, 56% used [0x00000000fff00000,0x00000000fff90000,0x0000000100000000)
  to   space 1024K, 0% used [0x00000000ffe00000,0x00000000ffe00000,0x00000000fff00000)
 ParOldGen       total 123904K, used 60730K [0x00000000e0000000, 0x00000000e7900000, 0x00000000f5580000)
  object space 123904K, 49% used [0x00000000e0000000,0x00000000e3b4ea68,0x00000000e7900000)
 Metaspace       used 93819K, capacity 101324K, committed 101552K, reserved 1138688K
  class space    used 10939K, capacity 13166K, committed 13232K, reserved 1048576K
Event: 5684.854 GC heap after
Heap after GC invocations=3702 (full 13):
 PSYoungGen      total 173568K, used 1024K [0x00000000f5580000, 0x0000000100000000, 0x0000000100000000)
  eden space 172544K, 0% used [0x00000000f5580000,0x00000000f5580000,0x00000000ffe00000)
  from space 1024K, 100% used [0x00000000ffe00000,0x00000000fff00000,0x00000000fff00000)
  to   space 1024K, 0% used [0x00000000fff00000,0x00000000fff00000,0x0000000100000000)
 ParOldGen       total 123904K, used 61214K [0x00000000e0000000, 0x00000000e7900000, 0x00000000f5580000)
  object space 123904K, 49% used [0x00000000e0000000,0x00000000e3bc7bf0,0x00000000e7900000)
 Metaspace       used 93819K, capacity 101324K, committed 101552K, reserved 1138688K
  class space    used 10939K, capacity 13166K, committed 13232K, reserved 1048576K
}
Event: 5688.631 GC heap before
{Heap before GC invocations=3703 (full 13):
 PSYoungGen      total 173568K, used 173568K [0x00000000f5580000, 0x0000000100000000, 0x0000000100000000)
  eden space 172544K, 100% used [0x00000000f5580000,0x00000000ffe00000,0x00000000ffe00000)
  from space 1024K, 100% used [0x00000000ffe00000,0x00000000fff00000,0x00000000fff00000)
  to   space 1024K, 0% used [0x00000000fff00000,0x00000000fff00000,0x0000000100000000)
 ParOldGen       total 123904K, used 61214K [0x00000000e0000000, 0x00000000e7900000, 0x00000000f5580000)
  object space 123904K, 49% used [0x00000000e0000000,0x00000000e3bc7bf0,0x00000000e7900000)
 Metaspace       used 93822K, capacity 101324K, committed 101552K, reserved 1138688K
  class space    used 10939K, capacity 13166K, committed 13232K, reserved 1048576K
Event: 5688.635 GC heap after
Heap after GC invocations=3703 (full 13):
 PSYoungGen      total 172544K, used 1024K [0x00000000f5580000, 0x0000000100000000, 0x0000000100000000)
  eden space 171520K, 0% used [0x00000000f5580000,0x00000000f5580000,0x00000000ffd00000)
  from space 1024K, 100% used [0x00000000fff00000,0x0000000100000000,0x0000000100000000)
  to   space 1536K, 0% used [0x00000000ffd00000,0x00000000ffd00000,0x00000000ffe80000)
 ParOldGen       total 123904K, used 61230K [0x00000000e0000000, 0x00000000e7900000, 0x00000000f5580000)
  object space 123904K, 49% used [0x00000000e0000000,0x00000000e3bcbbf0,0x00000000e7900000)
 Metaspace       used 93822K, capacity 101324K, committed 101552K, reserved 1138688K
  class space    used 10939K, capacity 13166K, committed 13232K, reserved 1048576K
}
Event: 5692.307 GC heap before
{Heap before GC invocations=3704 (full 13):
 PSYoungGen      total 172544K, used 172544K [0x00000000f5580000, 0x0000000100000000, 0x0000000100000000)
  eden space 171520K, 100% used [0x00000000f5580000,0x00000000ffd00000,0x00000000ffd00000)
  from space 1024K, 100% used [0x00000000fff00000,0x0000000100000000,0x0000000100000000)
  to   space 1536K, 0% used [0x00000000ffd00000,0x00000000ffd00000,0x00000000ffe80000)
 ParOldGen       total 123904K, used 61230K [0x00000000e0000000, 0x00000000e7900000, 0x00000000f5580000)
  object space 123904K, 49% used [0x00000000e0000000,0x00000000e3bcbbf0,0x00000000e7900000)
 Metaspace       used 93970K, capacity 101456K, committed 101680K, reserved 1138688K
  class space    used 10955K, capacity 13230K, committed 13360K, reserved 1048576K
Event: 5692.311 GC heap after
Heap after GC invocations=3704 (full 13):
 PSYoungGen      total 173056K, used 1254K [0x00000000f5580000, 0x0000000100000000, 0x0000000100000000)
  eden space 171520K, 0% used [0x00000000f5580000,0x00000000f5580000,0x00000000ffd00000)
  from space 1536K, 81% used [0x00000000ffd00000,0x00000000ffe39bb0,0x00000000ffe80000)
  to   space 1536K, 0% used [0x00000000ffe80000,0x00000000ffe80000,0x0000000100000000)
 ParOldGen       total 123904K, used 61246K [0x00000000e0000000, 0x00000000e7900000, 0x00000000f5580000)
  object space 123904K, 49% used [0x00000000e0000000,0x00000000e3bcfbf0,0x00000000e7900000)
 Metaspace       used 93970K, capacity 101456K, committed 101680K, reserved 1138688K
  class space    used 10955K, capacity 13230K, committed 13360K, reserved 1048576K
}
Event: 5696.011 GC heap before
{Heap before GC invocations=3705 (full 13):
 PSYoungGen      total 173056K, used 172774K [0x00000000f5580000, 0x0000000100000000, 0x0000000100000000)
  eden space 171520K, 100% used [0x00000000f5580000,0x00000000ffd00000,0x00000000ffd00000)
  from space 1536K, 81% used [0x00000000ffd00000,0x00000000ffe39bb0,0x00000000ffe80000)
  to   space 1536K, 0% used [0x00000000ffe80000,0x00000000ffe80000,0x0000000100000000)
 ParOldGen       total 123904K, used 61246K [0x00000000e0000000, 0x00000000e7900000, 0x00000000f5580000)
  object space 123904K, 49% used [0x00000000e0000000,0x00000000e3bcfbf0,0x00000000e7900000)
 Metaspace       used 94072K, capacity 101552K, committed 101680K, reserved 1138688K
  class space    used 10970K, capacity 13262K, committed 13360K, reserved 1048576K
Event: 5696.015 GC heap after
Heap after GC invocations=3705 (full 13):
 PSYoungGen      total 172032K, used 1313K [0x00000000f5580000, 0x0000000100000000, 0x0000000100000000)
  eden space 170496K, 0% used [0x00000000f5580000,0x00000000f5580000,0x00000000ffc00000)
  from space 1536K, 85% used [0x00000000ffe80000,0x00000000fffc87e0,0x0000000100000000)
  to   space 2048K, 0% used [0x00000000ffc00000,0x00000000ffc00000,0x00000000ffe00000)
 ParOldGen       total 123904K, used 61246K [0x00000000e0000000, 0x00000000e7900000, 0x00000000f5580000)
  object space 123904K, 49% used [0x00000000e0000000,0x00000000e3bcfbf0,0x00000000e7900000)
 Metaspace       used 94072K, capacity 101552K, committed 101680K, reserved 1138688K
  class space    used 10970K, capacity 13262K, committed 13360K, reserved 1048576K
}

